Using pre-set license
Built from '6000.0/release' branch; Version is '6000.0.43f1 (97272b72f107) revision 9905963'; Using compiler version '193933523'; Build Type 'Release'
OS: 'Windows 11  (10.0.26100) 64bit Professional' Language: 'en' Physical Memory: 32468 MB
BatchMode: 1, IsHumanControllingUs: 0, StartBugReporterOnCrash: 0, Is64bit: 1, IsPro: 1

COMMAND LINE ARGUMENTS:
C:\Program Files\Unity\Hub\Editor\6000.0.43f1\Editor\Unity.exe
-adb2
-batchMode
-noUpm
-name
AssetImportWorker0
-projectPath
C:/Users/jagro/Documents/Unity Projects/Connect 4
-logFile
Logs/AssetImportWorker0.log
-srvPort
50486
-job-worker-count
9
-background-job-worker-count
8
-gc-helper-count
1
Successfully changed project path to: C:/Users/jagro/Documents/Unity Projects/Connect 4
C:/Users/jagro/Documents/Unity Projects/Connect 4
[UnityMemory] Configuration Parameters - Can be set up in boot.config
    "memorysetup-bucket-allocator-granularity=16"
    "memorysetup-bucket-allocator-bucket-count=8"
    "memorysetup-bucket-allocator-block-size=33554432"
    "memorysetup-bucket-allocator-block-count=8"
    "memorysetup-main-allocator-block-size=16777216"
    "memorysetup-thread-allocator-block-size=16777216"
    "memorysetup-gfx-main-allocator-block-size=16777216"
    "memorysetup-gfx-thread-allocator-block-size=16777216"
    "memorysetup-cache-allocator-block-size=4194304"
    "memorysetup-typetree-allocator-block-size=2097152"
    "memorysetup-profiler-bucket-allocator-granularity=16"
    "memorysetup-profiler-bucket-allocator-bucket-count=8"
    "memorysetup-profiler-bucket-allocator-block-size=33554432"
    "memorysetup-profiler-bucket-allocator-block-count=8"
    "memorysetup-profiler-allocator-block-size=16777216"
    "memorysetup-profiler-editor-allocator-block-size=1048576"
    "memorysetup-temp-allocator-size-main=16777216"
    "memorysetup-job-temp-allocator-block-size=2097152"
    "memorysetup-job-temp-allocator-block-size-background=1048576"
    "memorysetup-job-temp-allocator-reduction-small-platforms=262144"
    "memorysetup-allocator-temp-initial-block-size-main=262144"
    "memorysetup-allocator-temp-initial-block-size-worker=262144"
    "memorysetup-temp-allocator-size-background-worker=32768"
    "memorysetup-temp-allocator-size-job-worker=262144"
    "memorysetup-temp-allocator-size-preload-manager=33554432"
    "memorysetup-temp-allocator-size-nav-mesh-worker=65536"
    "memorysetup-temp-allocator-size-audio-worker=65536"
    "memorysetup-temp-allocator-size-cloud-worker=32768"
    "memorysetup-temp-allocator-size-gi-baking-worker=262144"
    "memorysetup-temp-allocator-size-gi-baking-worker=262144"
    "memorysetup-temp-allocator-size-gi-baking-worker=262144"
    "memorysetup-temp-allocator-size-gi-baking-worker=262144"
    "memorysetup-temp-allocator-size-gi-baking-worker=262144"
    "memorysetup-temp-allocator-size-gfx=262144"
Player connection [7376]  Target information:

Player connection [7376]  * "[IP] 172.22.208.1 [Port] 0 [Flags] 2 [Guid] 1563463847 [EditorId] 1563463847 [Version] 1048832 [Id] WindowsEditor(7,MSI) [Debug] 1 [PackageName] WindowsEditor [ProjectName] Editor" 

Player connection [7376]  * "[IP] 192.168.178.149 [Port] 0 [Flags] 2 [Guid] 1563463847 [EditorId] 1563463847 [Version] 1048832 [Id] WindowsEditor(7,MSI) [Debug] 1 [PackageName] WindowsEditor [ProjectName] Editor" 

Player connection [7376] Host joined multi-casting on [225.0.0.222:54997]...
Player connection [7376] Host joined alternative multi-casting on [225.0.0.222:34997]...
JobSystem: Creating JobQueue using job-worker-count value 9
Input System module state changed to: Initialized.
[Physics::Module] Initialized fallback backend.
[Physics::Module] Id: 0xdecafbad
Library Redirect Path: Library/
[Physics::Module] Selected backend.
[Physics::Module] Name: PhysX
[Physics::Module] Id: 0xf2b8ea05
[Physics::Module] SDK Version: 4.1.2
[Physics::Module] Integration Version: 1.0.0
[Physics::Module] Threading Mode: Multi-Threaded
Refreshing native plugins compatible for Editor in 108.58 ms, found 3 plugins.
Preloading 0 native plugins for Editor in 0.00 ms.
Initialize engine version: 6000.0.43f1 (97272b72f107)
[Subsystems] Discovering subsystems at path C:/Program Files/Unity/Hub/Editor/6000.0.43f1/Editor/Data/Resources/UnitySubsystems
[Subsystems] Discovering subsystems at path C:/Users/jagro/Documents/Unity Projects/Connect 4/Assets
GfxDevice: creating device client; kGfxThreadingModeNonThreaded
Direct3D:
    Version:  Direct3D 11.0 [level 11.1]
    Renderer: NVIDIA GeForce RTX 3070 Ti Laptop GPU (ID=0x24a0)
    Vendor:   NVIDIA
    VRAM:     8018 MB
    Driver:   32.0.15.6636
Initialize mono
Mono path[0] = 'C:/Program Files/Unity/Hub/Editor/6000.0.43f1/Editor/Data/Managed'
Mono path[1] = 'C:/Program Files/Unity/Hub/Editor/6000.0.43f1/Editor/Data/MonoBleedingEdge/lib/mono/unityjit-win32'
Mono config path = 'C:/Program Files/Unity/Hub/Editor/6000.0.43f1/Editor/Data/MonoBleedingEdge/etc'
Using monoOptions --debugger-agent=transport=dt_socket,embedding=1,server=y,suspend=n,address=127.0.0.1:56532
Begin MonoManager ReloadAssembly
Registering precompiled unity dll's ...
Register platform support module: C:/Program Files/Unity/Hub/Editor/6000.0.43f1/Editor/Data/PlaybackEngines/WindowsStandaloneSupport/UnityEditor.WindowsStandalone.Extensions.dll
Registered in 0.003661 seconds.
- Loaded All Assemblies, in  1.901 seconds
Native extension for WindowsStandalone target not found
Mono: successfully reloaded assembly
- Finished resetting the current domain, in  0.329 seconds
Domain Reload Profiling: 2228ms
	BeginReloadAssembly (374ms)
		ExecutionOrderSort (0ms)
		DisableScriptedObjects (0ms)
		BackupInstance (0ms)
		ReleaseScriptingObjects (0ms)
		CreateAndSetChildDomain (1ms)
	RebuildCommonClasses (290ms)
	RebuildNativeTypeToScriptingClass (9ms)
	initialDomainReloadingComplete (48ms)
	LoadAllAssembliesAndSetupDomain (1178ms)
		LoadAssemblies (372ms)
		RebuildTransferFunctionScriptingTraits (0ms)
		AnalyzeDomain (1176ms)
			TypeCache.Refresh (1173ms)
				TypeCache.ScanAssembly (838ms)
			BuildScriptInfoCaches (0ms)
			ResolveRequiredComponents (1ms)
	FinalizeReload (329ms)
		ReleaseScriptCaches (0ms)
		RebuildScriptCaches (0ms)
		SetupLoadedEditorAssemblies (289ms)
			LogAssemblyErrors (0ms)
			InitializePlatformSupportModulesInManaged (25ms)
			SetLoadedEditorAssemblies (4ms)
			BeforeProcessingInitializeOnLoad (54ms)
			ProcessInitializeOnLoadAttributes (143ms)
			ProcessInitializeOnLoadMethodAttributes (62ms)
			AfterProcessingInitializeOnLoad (0ms)
			EditorAssembliesLoaded (0ms)
		ExecutionOrderSort2 (0ms)
		AwakeInstancesAfterBackupRestoration (0ms)
========================================================================
Worker process is ready to serve import requests
Import Worker Mode flag is 0x00
Begin MonoManager ReloadAssembly
- Loaded All Assemblies, in  2.152 seconds
Refreshing native plugins compatible for Editor in 0.82 ms, found 3 plugins.
Native extension for WindowsStandalone target not found
Assertion failed on expression: '!AssetDatabase::IsAssetImportWorkerProcess()'
UnityEngine.Debug:ExtractStackTraceNoAlloc (byte*,int,string)
UnityEngine.StackTraceUtility:ExtractStackTrace ()
Coffee.UIEffectInternal.CgincPathSync:UpdateTmpCgincPath () (at ./Library/PackageCache/com.coffee.ui-effect@2fd5dcee7db0/Runtime/Internal/Utilities/CgincPathSync.cs:51)
Coffee.UIEffectInternal.CgincPathSync:RegisterShaders (string,string[]) (at ./Library/PackageCache/com.coffee.ui-effect@2fd5dcee7db0/Runtime/Internal/Utilities/CgincPathSync.cs:20)
Coffee.UIEffects.UIEffectProjectSettings:InitializeOnLoadMethod () (at ./Library/PackageCache/com.coffee.ui-effect@2fd5dcee7db0/Runtime/UIEffectProjectSettings.cs:136)
System.Reflection.RuntimeMethodInfo:Invoke (object,System.Reflection.BindingFlags,System.Reflection.Binder,object[],System.Globalization.CultureInfo)
System.Reflection.MethodBase:Invoke (object,object[])
UnityEditor.EditorAssemblies:ProcessInitializeOnLoadMethodAttributes ()

[./Library/PackageCache/com.coffee.ui-effect@2fd5dcee7db0/Runtime/Internal/Utilities/CgincPathSync.cs line 51]

Asset Pipeline Refresh (id=8b38b9b345b5a4445aee966a8d2c3bd9): Total: 0.001 seconds - Initiated by StopAssetImportingV2(NoUpdateAssetOptions)
Mono: successfully reloaded assembly
- Finished resetting the current domain, in  1.272 seconds
Domain Reload Profiling: 3420ms
	BeginReloadAssembly (168ms)
		ExecutionOrderSort (0ms)
		DisableScriptedObjects (6ms)
		BackupInstance (0ms)
		ReleaseScriptingObjects (0ms)
		CreateAndSetChildDomain (32ms)
	RebuildCommonClasses (33ms)
	RebuildNativeTypeToScriptingClass (10ms)
	initialDomainReloadingComplete (37ms)
	LoadAllAssembliesAndSetupDomain (1900ms)
		LoadAssemblies (1714ms)
		RebuildTransferFunctionScriptingTraits (0ms)
		AnalyzeDomain (285ms)
			TypeCache.Refresh (224ms)
				TypeCache.ScanAssembly (151ms)
			BuildScriptInfoCaches (48ms)
			ResolveRequiredComponents (10ms)
	FinalizeReload (1273ms)
		ReleaseScriptCaches (0ms)
		RebuildScriptCaches (0ms)
		SetupLoadedEditorAssemblies (741ms)
			LogAssemblyErrors (0ms)
			InitializePlatformSupportModulesInManaged (2ms)
			SetLoadedEditorAssemblies (3ms)
			BeforeProcessingInitializeOnLoad (99ms)
			ProcessInitializeOnLoadAttributes (334ms)
			ProcessInitializeOnLoadMethodAttributes (298ms)
			AfterProcessingInitializeOnLoad (4ms)
			EditorAssembliesLoaded (0ms)
		ExecutionOrderSort2 (0ms)
		AwakeInstancesAfterBackupRestoration (4ms)
Launched and connected shader compiler UnityShaderCompiler.exe after 0.05 seconds
Refreshing native plugins compatible for Editor in 1.05 ms, found 3 plugins.
Preloading 0 native plugins for Editor in 0.00 ms.
Unloading 255 Unused Serialized files (Serialized files now loaded: 0)
Unloading 6156 unused Assets / (6.1 MB). Loaded Objects now: 6880.
Memory consumption went from 184.7 MB to 178.6 MB.
Total: 8.547300 ms (FindLiveObjects: 0.580400 ms CreateObjectMapping: 0.505900 ms MarkObjects: 5.408300 ms  DeleteObjects: 2.051600 ms)

========================================================================
Received Prepare
Begin MonoManager ReloadAssembly
- Loaded All Assemblies, in  0.582 seconds
Refreshing native plugins compatible for Editor in 0.85 ms, found 3 plugins.
Native extension for WindowsStandalone target not found
Assertion failed on expression: '!AssetDatabase::IsAssetImportWorkerProcess()'
UnityEngine.Debug:ExtractStackTraceNoAlloc (byte*,int,string)
UnityEngine.StackTraceUtility:ExtractStackTrace ()
Coffee.UIEffectInternal.CgincPathSync:UpdateTmpCgincPath () (at ./Library/PackageCache/com.coffee.ui-effect@2fd5dcee7db0/Runtime/Internal/Utilities/CgincPathSync.cs:51)
Coffee.UIEffectInternal.CgincPathSync:RegisterShaders (string,string[]) (at ./Library/PackageCache/com.coffee.ui-effect@2fd5dcee7db0/Runtime/Internal/Utilities/CgincPathSync.cs:20)
Coffee.UIEffects.UIEffectProjectSettings:InitializeOnLoadMethod () (at ./Library/PackageCache/com.coffee.ui-effect@2fd5dcee7db0/Runtime/UIEffectProjectSettings.cs:136)
System.Reflection.RuntimeMethodInfo:Invoke (object,System.Reflection.BindingFlags,System.Reflection.Binder,object[],System.Globalization.CultureInfo)
System.Reflection.MethodBase:Invoke (object,object[])
UnityEditor.EditorAssemblies:ProcessInitializeOnLoadMethodAttributes ()

[./Library/PackageCache/com.coffee.ui-effect@2fd5dcee7db0/Runtime/Internal/Utilities/CgincPathSync.cs line 51]

Asset Pipeline Refresh (id=03073e456bbec63489f07af9225f3be0): Total: 0.001 seconds - Initiated by StopAssetImportingV2(NoUpdateAssetOptions)
Mono: successfully reloaded assembly
- Finished resetting the current domain, in  0.603 seconds
Domain Reload Profiling: 1186ms
	BeginReloadAssembly (167ms)
		ExecutionOrderSort (0ms)
		DisableScriptedObjects (4ms)
		BackupInstance (0ms)
		ReleaseScriptingObjects (0ms)
		CreateAndSetChildDomain (41ms)
	RebuildCommonClasses (29ms)
	RebuildNativeTypeToScriptingClass (10ms)
	initialDomainReloadingComplete (25ms)
	LoadAllAssembliesAndSetupDomain (351ms)
		LoadAssemblies (283ms)
		RebuildTransferFunctionScriptingTraits (0ms)
		AnalyzeDomain (150ms)
			TypeCache.Refresh (6ms)
				TypeCache.ScanAssembly (0ms)
			BuildScriptInfoCaches (129ms)
			ResolveRequiredComponents (10ms)
	FinalizeReload (604ms)
		ReleaseScriptCaches (0ms)
		RebuildScriptCaches (0ms)
		SetupLoadedEditorAssemblies (437ms)
			LogAssemblyErrors (0ms)
			InitializePlatformSupportModulesInManaged (2ms)
			SetLoadedEditorAssemblies (3ms)
			BeforeProcessingInitializeOnLoad (90ms)
			ProcessInitializeOnLoadAttributes (289ms)
			ProcessInitializeOnLoadMethodAttributes (49ms)
			AfterProcessingInitializeOnLoad (3ms)
			EditorAssembliesLoaded (0ms)
		ExecutionOrderSort2 (0ms)
		AwakeInstancesAfterBackupRestoration (10ms)
Refreshing native plugins compatible for Editor in 1.61 ms, found 3 plugins.
Preloading 0 native plugins for Editor in 0.00 ms.
Unloading 35 Unused Serialized files (Serialized files now loaded: 0)
Unloading 6152 unused Assets / (6.4 MB). Loaded Objects now: 6895.
Memory consumption went from 158.6 MB to 152.2 MB.
Total: 7.626000 ms (FindLiveObjects: 0.507600 ms CreateObjectMapping: 0.530200 ms MarkObjects: 4.125100 ms  DeleteObjects: 2.462000 ms)

Prepare: number of updated asset objects reloaded= 0
========================================================================
Received Prepare
Begin MonoManager ReloadAssembly
- Loaded All Assemblies, in  0.570 seconds
Refreshing native plugins compatible for Editor in 0.69 ms, found 3 plugins.
Native extension for WindowsStandalone target not found
Assertion failed on expression: '!AssetDatabase::IsAssetImportWorkerProcess()'
UnityEngine.Debug:ExtractStackTraceNoAlloc (byte*,int,string)
UnityEngine.StackTraceUtility:ExtractStackTrace ()
Coffee.UIEffectInternal.CgincPathSync:UpdateTmpCgincPath () (at ./Library/PackageCache/com.coffee.ui-effect@2fd5dcee7db0/Runtime/Internal/Utilities/CgincPathSync.cs:51)
Coffee.UIEffectInternal.CgincPathSync:RegisterShaders (string,string[]) (at ./Library/PackageCache/com.coffee.ui-effect@2fd5dcee7db0/Runtime/Internal/Utilities/CgincPathSync.cs:20)
Coffee.UIEffects.UIEffectProjectSettings:InitializeOnLoadMethod () (at ./Library/PackageCache/com.coffee.ui-effect@2fd5dcee7db0/Runtime/UIEffectProjectSettings.cs:136)
System.Reflection.RuntimeMethodInfo:Invoke (object,System.Reflection.BindingFlags,System.Reflection.Binder,object[],System.Globalization.CultureInfo)
System.Reflection.MethodBase:Invoke (object,object[])
UnityEditor.EditorAssemblies:ProcessInitializeOnLoadMethodAttributes ()

[./Library/PackageCache/com.coffee.ui-effect@2fd5dcee7db0/Runtime/Internal/Utilities/CgincPathSync.cs line 51]

Asset Pipeline Refresh (id=000adc38553209d4c9bc6da48d8da810): Total: 0.000 seconds - Initiated by StopAssetImportingV2(NoUpdateAssetOptions)
Mono: successfully reloaded assembly
- Finished resetting the current domain, in  0.583 seconds
Domain Reload Profiling: 1153ms
	BeginReloadAssembly (164ms)
		ExecutionOrderSort (0ms)
		DisableScriptedObjects (6ms)
		BackupInstance (0ms)
		ReleaseScriptingObjects (0ms)
		CreateAndSetChildDomain (41ms)
	RebuildCommonClasses (28ms)
	RebuildNativeTypeToScriptingClass (9ms)
	initialDomainReloadingComplete (25ms)
	LoadAllAssembliesAndSetupDomain (344ms)
		LoadAssemblies (281ms)
		RebuildTransferFunctionScriptingTraits (0ms)
		AnalyzeDomain (144ms)
			TypeCache.Refresh (6ms)
				TypeCache.ScanAssembly (0ms)
			BuildScriptInfoCaches (126ms)
			ResolveRequiredComponents (8ms)
	FinalizeReload (583ms)
		ReleaseScriptCaches (0ms)
		RebuildScriptCaches (0ms)
		SetupLoadedEditorAssemblies (436ms)
			LogAssemblyErrors (0ms)
			InitializePlatformSupportModulesInManaged (2ms)
			SetLoadedEditorAssemblies (2ms)
			BeforeProcessingInitializeOnLoad (88ms)
			ProcessInitializeOnLoadAttributes (290ms)
			ProcessInitializeOnLoadMethodAttributes (50ms)
			AfterProcessingInitializeOnLoad (4ms)
			EditorAssembliesLoaded (0ms)
		ExecutionOrderSort2 (0ms)
		AwakeInstancesAfterBackupRestoration (10ms)
Refreshing native plugins compatible for Editor in 0.82 ms, found 3 plugins.
Preloading 0 native plugins for Editor in 0.00 ms.
Unloading 25 Unused Serialized files (Serialized files now loaded: 0)
Unloading 6152 unused Assets / (6.4 MB). Loaded Objects now: 6897.
Memory consumption went from 156.9 MB to 150.6 MB.
Total: 7.470600 ms (FindLiveObjects: 0.548300 ms CreateObjectMapping: 0.479000 ms MarkObjects: 3.578000 ms  DeleteObjects: 2.863700 ms)

Prepare: number of updated asset objects reloaded= 0
========================================================================
Received Prepare
Begin MonoManager ReloadAssembly
- Loaded All Assemblies, in  0.577 seconds
Refreshing native plugins compatible for Editor in 0.86 ms, found 3 plugins.
Native extension for WindowsStandalone target not found
Assertion failed on expression: '!AssetDatabase::IsAssetImportWorkerProcess()'
UnityEngine.Debug:ExtractStackTraceNoAlloc (byte*,int,string)
UnityEngine.StackTraceUtility:ExtractStackTrace ()
Coffee.UIEffectInternal.CgincPathSync:UpdateTmpCgincPath () (at ./Library/PackageCache/com.coffee.ui-effect@2fd5dcee7db0/Runtime/Internal/Utilities/CgincPathSync.cs:51)
Coffee.UIEffectInternal.CgincPathSync:RegisterShaders (string,string[]) (at ./Library/PackageCache/com.coffee.ui-effect@2fd5dcee7db0/Runtime/Internal/Utilities/CgincPathSync.cs:20)
Coffee.UIEffects.UIEffectProjectSettings:InitializeOnLoadMethod () (at ./Library/PackageCache/com.coffee.ui-effect@2fd5dcee7db0/Runtime/UIEffectProjectSettings.cs:136)
System.Reflection.RuntimeMethodInfo:Invoke (object,System.Reflection.BindingFlags,System.Reflection.Binder,object[],System.Globalization.CultureInfo)
System.Reflection.MethodBase:Invoke (object,object[])
UnityEditor.EditorAssemblies:ProcessInitializeOnLoadMethodAttributes ()

[./Library/PackageCache/com.coffee.ui-effect@2fd5dcee7db0/Runtime/Internal/Utilities/CgincPathSync.cs line 51]

Asset Pipeline Refresh (id=0062fad1e62e1d84a8f78dc540c7b78f): Total: 0.000 seconds - Initiated by StopAssetImportingV2(NoUpdateAssetOptions)
Mono: successfully reloaded assembly
- Finished resetting the current domain, in  0.584 seconds
Domain Reload Profiling: 1161ms
	BeginReloadAssembly (165ms)
		ExecutionOrderSort (0ms)
		DisableScriptedObjects (5ms)
		BackupInstance (0ms)
		ReleaseScriptingObjects (0ms)
		CreateAndSetChildDomain (39ms)
	RebuildCommonClasses (27ms)
	RebuildNativeTypeToScriptingClass (10ms)
	initialDomainReloadingComplete (23ms)
	LoadAllAssembliesAndSetupDomain (351ms)
		LoadAssemblies (285ms)
		RebuildTransferFunctionScriptingTraits (0ms)
		AnalyzeDomain (149ms)
			TypeCache.Refresh (7ms)
				TypeCache.ScanAssembly (0ms)
			BuildScriptInfoCaches (130ms)
			ResolveRequiredComponents (9ms)
	FinalizeReload (585ms)
		ReleaseScriptCaches (0ms)
		RebuildScriptCaches (0ms)
		SetupLoadedEditorAssemblies (435ms)
			LogAssemblyErrors (0ms)
			InitializePlatformSupportModulesInManaged (2ms)
			SetLoadedEditorAssemblies (4ms)
			BeforeProcessingInitializeOnLoad (87ms)
			ProcessInitializeOnLoadAttributes (287ms)
			ProcessInitializeOnLoadMethodAttributes (50ms)
			AfterProcessingInitializeOnLoad (5ms)
			EditorAssembliesLoaded (0ms)
		ExecutionOrderSort2 (0ms)
		AwakeInstancesAfterBackupRestoration (10ms)
Refreshing native plugins compatible for Editor in 1.08 ms, found 3 plugins.
Preloading 0 native plugins for Editor in 0.00 ms.
Unloading 25 Unused Serialized files (Serialized files now loaded: 0)
Unloading 6152 unused Assets / (6.2 MB). Loaded Objects now: 6899.
Memory consumption went from 156.9 MB to 150.7 MB.
Total: 9.332600 ms (FindLiveObjects: 0.692900 ms CreateObjectMapping: 0.892200 ms MarkObjects: 4.883400 ms  DeleteObjects: 2.862800 ms)

Prepare: number of updated asset objects reloaded= 0
========================================================================
Received Prepare
Begin MonoManager ReloadAssembly
- Loaded All Assemblies, in  0.576 seconds
Refreshing native plugins compatible for Editor in 0.72 ms, found 3 plugins.
Native extension for WindowsStandalone target not found
Assertion failed on expression: '!AssetDatabase::IsAssetImportWorkerProcess()'
UnityEngine.Debug:ExtractStackTraceNoAlloc (byte*,int,string)
UnityEngine.StackTraceUtility:ExtractStackTrace ()
Coffee.UIEffectInternal.CgincPathSync:UpdateTmpCgincPath () (at ./Library/PackageCache/com.coffee.ui-effect@2fd5dcee7db0/Runtime/Internal/Utilities/CgincPathSync.cs:51)
Coffee.UIEffectInternal.CgincPathSync:RegisterShaders (string,string[]) (at ./Library/PackageCache/com.coffee.ui-effect@2fd5dcee7db0/Runtime/Internal/Utilities/CgincPathSync.cs:20)
Coffee.UIEffects.UIEffectProjectSettings:InitializeOnLoadMethod () (at ./Library/PackageCache/com.coffee.ui-effect@2fd5dcee7db0/Runtime/UIEffectProjectSettings.cs:136)
System.Reflection.RuntimeMethodInfo:Invoke (object,System.Reflection.BindingFlags,System.Reflection.Binder,object[],System.Globalization.CultureInfo)
System.Reflection.MethodBase:Invoke (object,object[])
UnityEditor.EditorAssemblies:ProcessInitializeOnLoadMethodAttributes ()

[./Library/PackageCache/com.coffee.ui-effect@2fd5dcee7db0/Runtime/Internal/Utilities/CgincPathSync.cs line 51]

Asset Pipeline Refresh (id=c9d34f9e63c8ac946b933631ce887f7b): Total: 0.001 seconds - Initiated by StopAssetImportingV2(NoUpdateAssetOptions)
Mono: successfully reloaded assembly
- Finished resetting the current domain, in  0.587 seconds
Domain Reload Profiling: 1164ms
	BeginReloadAssembly (163ms)
		ExecutionOrderSort (0ms)
		DisableScriptedObjects (5ms)
		BackupInstance (0ms)
		ReleaseScriptingObjects (0ms)
		CreateAndSetChildDomain (38ms)
	RebuildCommonClasses (28ms)
	RebuildNativeTypeToScriptingClass (9ms)
	initialDomainReloadingComplete (25ms)
	LoadAllAssembliesAndSetupDomain (351ms)
		LoadAssemblies (282ms)
		RebuildTransferFunctionScriptingTraits (0ms)
		AnalyzeDomain (153ms)
			TypeCache.Refresh (7ms)
				TypeCache.ScanAssembly (0ms)
			BuildScriptInfoCaches (132ms)
			ResolveRequiredComponents (11ms)
	FinalizeReload (588ms)
		ReleaseScriptCaches (0ms)
		RebuildScriptCaches (0ms)
		SetupLoadedEditorAssemblies (441ms)
			LogAssemblyErrors (0ms)
			InitializePlatformSupportModulesInManaged (3ms)
			SetLoadedEditorAssemblies (3ms)
			BeforeProcessingInitializeOnLoad (88ms)
			ProcessInitializeOnLoadAttributes (286ms)
			ProcessInitializeOnLoadMethodAttributes (57ms)
			AfterProcessingInitializeOnLoad (4ms)
			EditorAssembliesLoaded (0ms)
		ExecutionOrderSort2 (0ms)
		AwakeInstancesAfterBackupRestoration (10ms)
Refreshing native plugins compatible for Editor in 1.08 ms, found 3 plugins.
Preloading 0 native plugins for Editor in 0.00 ms.
Unloading 25 Unused Serialized files (Serialized files now loaded: 0)
Unloading 6152 unused Assets / (6.6 MB). Loaded Objects now: 6901.
Memory consumption went from 156.9 MB to 150.3 MB.
Total: 7.957400 ms (FindLiveObjects: 0.519200 ms CreateObjectMapping: 0.734100 ms MarkObjects: 3.843800 ms  DeleteObjects: 2.858700 ms)

Prepare: number of updated asset objects reloaded= 0
========================================================================
Received Prepare
Begin MonoManager ReloadAssembly
- Loaded All Assemblies, in  0.565 seconds
Refreshing native plugins compatible for Editor in 0.81 ms, found 3 plugins.
Native extension for WindowsStandalone target not found
Assertion failed on expression: '!AssetDatabase::IsAssetImportWorkerProcess()'
UnityEngine.Debug:ExtractStackTraceNoAlloc (byte*,int,string)
UnityEngine.StackTraceUtility:ExtractStackTrace ()
Coffee.UIEffectInternal.CgincPathSync:UpdateTmpCgincPath () (at ./Library/PackageCache/com.coffee.ui-effect@2fd5dcee7db0/Runtime/Internal/Utilities/CgincPathSync.cs:51)
Coffee.UIEffectInternal.CgincPathSync:RegisterShaders (string,string[]) (at ./Library/PackageCache/com.coffee.ui-effect@2fd5dcee7db0/Runtime/Internal/Utilities/CgincPathSync.cs:20)
Coffee.UIEffects.UIEffectProjectSettings:InitializeOnLoadMethod () (at ./Library/PackageCache/com.coffee.ui-effect@2fd5dcee7db0/Runtime/UIEffectProjectSettings.cs:136)
System.Reflection.RuntimeMethodInfo:Invoke (object,System.Reflection.BindingFlags,System.Reflection.Binder,object[],System.Globalization.CultureInfo)
System.Reflection.MethodBase:Invoke (object,object[])
UnityEditor.EditorAssemblies:ProcessInitializeOnLoadMethodAttributes ()

[./Library/PackageCache/com.coffee.ui-effect@2fd5dcee7db0/Runtime/Internal/Utilities/CgincPathSync.cs line 51]

Asset Pipeline Refresh (id=619a77dc644a3824f820a22d90ba9c66): Total: 0.000 seconds - Initiated by StopAssetImportingV2(NoUpdateAssetOptions)
Mono: successfully reloaded assembly
- Finished resetting the current domain, in  0.578 seconds
Domain Reload Profiling: 1142ms
	BeginReloadAssembly (162ms)
		ExecutionOrderSort (0ms)
		DisableScriptedObjects (5ms)
		BackupInstance (0ms)
		ReleaseScriptingObjects (0ms)
		CreateAndSetChildDomain (37ms)
	RebuildCommonClasses (34ms)
	RebuildNativeTypeToScriptingClass (10ms)
	initialDomainReloadingComplete (22ms)
	LoadAllAssembliesAndSetupDomain (337ms)
		LoadAssemblies (269ms)
		RebuildTransferFunctionScriptingTraits (0ms)
		AnalyzeDomain (150ms)
			TypeCache.Refresh (7ms)
				TypeCache.ScanAssembly (0ms)
			BuildScriptInfoCaches (131ms)
			ResolveRequiredComponents (9ms)
	FinalizeReload (578ms)
		ReleaseScriptCaches (0ms)
		RebuildScriptCaches (0ms)
		SetupLoadedEditorAssemblies (430ms)
			LogAssemblyErrors (0ms)
			InitializePlatformSupportModulesInManaged (2ms)
			SetLoadedEditorAssemblies (3ms)
			BeforeProcessingInitializeOnLoad (89ms)
			ProcessInitializeOnLoadAttributes (279ms)
			ProcessInitializeOnLoadMethodAttributes (53ms)
			AfterProcessingInitializeOnLoad (5ms)
			EditorAssembliesLoaded (0ms)
		ExecutionOrderSort2 (0ms)
		AwakeInstancesAfterBackupRestoration (11ms)
Refreshing native plugins compatible for Editor in 0.75 ms, found 3 plugins.
Preloading 0 native plugins for Editor in 0.00 ms.
Unloading 25 Unused Serialized files (Serialized files now loaded: 0)
Unloading 6152 unused Assets / (5.9 MB). Loaded Objects now: 6903.
Memory consumption went from 156.9 MB to 150.9 MB.
Total: 8.330200 ms (FindLiveObjects: 0.539600 ms CreateObjectMapping: 0.458800 ms MarkObjects: 4.582100 ms  DeleteObjects: 2.748400 ms)

Prepare: number of updated asset objects reloaded= 0
========================================================================
Received Prepare
Begin MonoManager ReloadAssembly
- Loaded All Assemblies, in  0.574 seconds
Refreshing native plugins compatible for Editor in 0.98 ms, found 3 plugins.
Native extension for WindowsStandalone target not found
Assertion failed on expression: '!AssetDatabase::IsAssetImportWorkerProcess()'
UnityEngine.Debug:ExtractStackTraceNoAlloc (byte*,int,string)
UnityEngine.StackTraceUtility:ExtractStackTrace ()
Coffee.UIEffectInternal.CgincPathSync:UpdateTmpCgincPath () (at ./Library/PackageCache/com.coffee.ui-effect@2fd5dcee7db0/Runtime/Internal/Utilities/CgincPathSync.cs:51)
Coffee.UIEffectInternal.CgincPathSync:RegisterShaders (string,string[]) (at ./Library/PackageCache/com.coffee.ui-effect@2fd5dcee7db0/Runtime/Internal/Utilities/CgincPathSync.cs:20)
Coffee.UIEffects.UIEffectProjectSettings:InitializeOnLoadMethod () (at ./Library/PackageCache/com.coffee.ui-effect@2fd5dcee7db0/Runtime/UIEffectProjectSettings.cs:136)
System.Reflection.RuntimeMethodInfo:Invoke (object,System.Reflection.BindingFlags,System.Reflection.Binder,object[],System.Globalization.CultureInfo)
System.Reflection.MethodBase:Invoke (object,object[])
UnityEditor.EditorAssemblies:ProcessInitializeOnLoadMethodAttributes ()

[./Library/PackageCache/com.coffee.ui-effect@2fd5dcee7db0/Runtime/Internal/Utilities/CgincPathSync.cs line 51]

Asset Pipeline Refresh (id=654e0b9916133fc4fa75d5446b3e7a18): Total: 0.001 seconds - Initiated by StopAssetImportingV2(NoUpdateAssetOptions)
Mono: successfully reloaded assembly
- Finished resetting the current domain, in  0.567 seconds
Domain Reload Profiling: 1141ms
	BeginReloadAssembly (160ms)
		ExecutionOrderSort (0ms)
		DisableScriptedObjects (4ms)
		BackupInstance (0ms)
		ReleaseScriptingObjects (0ms)
		CreateAndSetChildDomain (38ms)
	RebuildCommonClasses (28ms)
	RebuildNativeTypeToScriptingClass (10ms)
	initialDomainReloadingComplete (24ms)
	LoadAllAssembliesAndSetupDomain (351ms)
		LoadAssemblies (283ms)
		RebuildTransferFunctionScriptingTraits (0ms)
		AnalyzeDomain (149ms)
			TypeCache.Refresh (6ms)
				TypeCache.ScanAssembly (0ms)
			BuildScriptInfoCaches (129ms)
			ResolveRequiredComponents (9ms)
	FinalizeReload (568ms)
		ReleaseScriptCaches (0ms)
		RebuildScriptCaches (0ms)
		SetupLoadedEditorAssemblies (424ms)
			LogAssemblyErrors (0ms)
			InitializePlatformSupportModulesInManaged (2ms)
			SetLoadedEditorAssemblies (3ms)
			BeforeProcessingInitializeOnLoad (85ms)
			ProcessInitializeOnLoadAttributes (280ms)
			ProcessInitializeOnLoadMethodAttributes (48ms)
			AfterProcessingInitializeOnLoad (4ms)
			EditorAssembliesLoaded (0ms)
		ExecutionOrderSort2 (0ms)
		AwakeInstancesAfterBackupRestoration (11ms)
Refreshing native plugins compatible for Editor in 0.95 ms, found 3 plugins.
Preloading 0 native plugins for Editor in 0.00 ms.
Unloading 25 Unused Serialized files (Serialized files now loaded: 0)
Unloading 6152 unused Assets / (6.2 MB). Loaded Objects now: 6905.
Memory consumption went from 156.9 MB to 150.7 MB.
Total: 7.592900 ms (FindLiveObjects: 0.661500 ms CreateObjectMapping: 0.473700 ms MarkObjects: 3.921300 ms  DeleteObjects: 2.535100 ms)

Prepare: number of updated asset objects reloaded= 0
========================================================================
Received Prepare
Begin MonoManager ReloadAssembly
- Loaded All Assemblies, in  0.582 seconds
Refreshing native plugins compatible for Editor in 0.73 ms, found 3 plugins.
Native extension for WindowsStandalone target not found
Assertion failed on expression: '!AssetDatabase::IsAssetImportWorkerProcess()'
UnityEngine.Debug:ExtractStackTraceNoAlloc (byte*,int,string)
UnityEngine.StackTraceUtility:ExtractStackTrace ()
Coffee.UIEffectInternal.CgincPathSync:UpdateTmpCgincPath () (at ./Library/PackageCache/com.coffee.ui-effect@2fd5dcee7db0/Runtime/Internal/Utilities/CgincPathSync.cs:51)
Coffee.UIEffectInternal.CgincPathSync:RegisterShaders (string,string[]) (at ./Library/PackageCache/com.coffee.ui-effect@2fd5dcee7db0/Runtime/Internal/Utilities/CgincPathSync.cs:20)
Coffee.UIEffects.UIEffectProjectSettings:InitializeOnLoadMethod () (at ./Library/PackageCache/com.coffee.ui-effect@2fd5dcee7db0/Runtime/UIEffectProjectSettings.cs:136)
System.Reflection.RuntimeMethodInfo:Invoke (object,System.Reflection.BindingFlags,System.Reflection.Binder,object[],System.Globalization.CultureInfo)
System.Reflection.MethodBase:Invoke (object,object[])
UnityEditor.EditorAssemblies:ProcessInitializeOnLoadMethodAttributes ()

[./Library/PackageCache/com.coffee.ui-effect@2fd5dcee7db0/Runtime/Internal/Utilities/CgincPathSync.cs line 51]

Asset Pipeline Refresh (id=2f4704fe98bb7954e915f70db8a08abb): Total: 0.001 seconds - Initiated by StopAssetImportingV2(NoUpdateAssetOptions)
Mono: successfully reloaded assembly
- Finished resetting the current domain, in  0.587 seconds
Domain Reload Profiling: 1168ms
	BeginReloadAssembly (163ms)
		ExecutionOrderSort (0ms)
		DisableScriptedObjects (5ms)
		BackupInstance (0ms)
		ReleaseScriptingObjects (0ms)
		CreateAndSetChildDomain (37ms)
	RebuildCommonClasses (26ms)
	RebuildNativeTypeToScriptingClass (10ms)
	initialDomainReloadingComplete (25ms)
	LoadAllAssembliesAndSetupDomain (357ms)
		LoadAssemblies (287ms)
		RebuildTransferFunctionScriptingTraits (0ms)
		AnalyzeDomain (151ms)
			TypeCache.Refresh (9ms)
				TypeCache.ScanAssembly (1ms)
			BuildScriptInfoCaches (128ms)
			ResolveRequiredComponents (9ms)
	FinalizeReload (587ms)
		ReleaseScriptCaches (0ms)
		RebuildScriptCaches (0ms)
		SetupLoadedEditorAssemblies (435ms)
			LogAssemblyErrors (0ms)
			InitializePlatformSupportModulesInManaged (2ms)
			SetLoadedEditorAssemblies (3ms)
			BeforeProcessingInitializeOnLoad (83ms)
			ProcessInitializeOnLoadAttributes (294ms)
			ProcessInitializeOnLoadMethodAttributes (49ms)
			AfterProcessingInitializeOnLoad (4ms)
			EditorAssembliesLoaded (0ms)
		ExecutionOrderSort2 (0ms)
		AwakeInstancesAfterBackupRestoration (10ms)
Refreshing native plugins compatible for Editor in 0.95 ms, found 3 plugins.
Preloading 0 native plugins for Editor in 0.00 ms.
Unloading 25 Unused Serialized files (Serialized files now loaded: 0)
Unloading 6152 unused Assets / (6.5 MB). Loaded Objects now: 6907.
Memory consumption went from 156.9 MB to 150.5 MB.
Total: 6.946900 ms (FindLiveObjects: 0.508800 ms CreateObjectMapping: 0.610400 ms MarkObjects: 3.595200 ms  DeleteObjects: 2.231500 ms)

Prepare: number of updated asset objects reloaded= 0
========================================================================
Received Import Request.
  Time since last request: 2038.567815 seconds.
  path: Assets/Scenes/MainMenu.unity
  artifactKey: Guid(8053b5b3cee50ec4ebbb0dabfe65fffd) Importer(815301076,1909f56bfc062723c751e8b465ee728b)
Start importing Assets/Scenes/MainMenu.unity using Guid(8053b5b3cee50ec4ebbb0dabfe65fffd) Importer(815301076,1909f56bfc062723c751e8b465ee728b) (PreviewImporter) -> (artifact id: '9e01d4e48be01808f7d1c3b9e0c7de53') in 0.062702 seconds
Number of updated asset objects reloaded before import = 0Number of asset objects unloaded after import = 0

========================================================================
Received Prepare
Begin MonoManager ReloadAssembly
- Loaded All Assemblies, in  0.582 seconds
Refreshing native plugins compatible for Editor in 0.65 ms, found 3 plugins.
Native extension for WindowsStandalone target not found
Assertion failed on expression: '!AssetDatabase::IsAssetImportWorkerProcess()'
UnityEngine.Debug:ExtractStackTraceNoAlloc (byte*,int,string)
UnityEngine.StackTraceUtility:ExtractStackTrace ()
Coffee.UIEffectInternal.CgincPathSync:UpdateTmpCgincPath () (at ./Library/PackageCache/com.coffee.ui-effect@2fd5dcee7db0/Runtime/Internal/Utilities/CgincPathSync.cs:51)
Coffee.UIEffectInternal.CgincPathSync:RegisterShaders (string,string[]) (at ./Library/PackageCache/com.coffee.ui-effect@2fd5dcee7db0/Runtime/Internal/Utilities/CgincPathSync.cs:20)
Coffee.UIEffects.UIEffectProjectSettings:InitializeOnLoadMethod () (at ./Library/PackageCache/com.coffee.ui-effect@2fd5dcee7db0/Runtime/UIEffectProjectSettings.cs:136)
System.Reflection.RuntimeMethodInfo:Invoke (object,System.Reflection.BindingFlags,System.Reflection.Binder,object[],System.Globalization.CultureInfo)
System.Reflection.MethodBase:Invoke (object,object[])
UnityEditor.EditorAssemblies:ProcessInitializeOnLoadMethodAttributes ()

[./Library/PackageCache/com.coffee.ui-effect@2fd5dcee7db0/Runtime/Internal/Utilities/CgincPathSync.cs line 51]

Asset Pipeline Refresh (id=f249a29bc5a77ec4fa5140bfdf2f0611): Total: 0.001 seconds - Initiated by StopAssetImportingV2(NoUpdateAssetOptions)
Mono: successfully reloaded assembly
- Finished resetting the current domain, in  0.594 seconds
Domain Reload Profiling: 1177ms
	BeginReloadAssembly (171ms)
		ExecutionOrderSort (0ms)
		DisableScriptedObjects (5ms)
		BackupInstance (0ms)
		ReleaseScriptingObjects (0ms)
		CreateAndSetChildDomain (44ms)
	RebuildCommonClasses (32ms)
	RebuildNativeTypeToScriptingClass (10ms)
	initialDomainReloadingComplete (25ms)
	LoadAllAssembliesAndSetupDomain (346ms)
		LoadAssemblies (278ms)
		RebuildTransferFunctionScriptingTraits (0ms)
		AnalyzeDomain (151ms)
			TypeCache.Refresh (6ms)
				TypeCache.ScanAssembly (0ms)
			BuildScriptInfoCaches (132ms)
			ResolveRequiredComponents (10ms)
	FinalizeReload (594ms)
		ReleaseScriptCaches (0ms)
		RebuildScriptCaches (0ms)
		SetupLoadedEditorAssemblies (445ms)
			LogAssemblyErrors (0ms)
			InitializePlatformSupportModulesInManaged (2ms)
			SetLoadedEditorAssemblies (3ms)
			BeforeProcessingInitializeOnLoad (88ms)
			ProcessInitializeOnLoadAttributes (291ms)
			ProcessInitializeOnLoadMethodAttributes (56ms)
			AfterProcessingInitializeOnLoad (5ms)
			EditorAssembliesLoaded (0ms)
		ExecutionOrderSort2 (0ms)
		AwakeInstancesAfterBackupRestoration (10ms)
Refreshing native plugins compatible for Editor in 0.94 ms, found 3 plugins.
Preloading 0 native plugins for Editor in 0.00 ms.
Unloading 25 Unused Serialized files (Serialized files now loaded: 0)
Unloading 6152 unused Assets / (5.7 MB). Loaded Objects now: 6911.
Memory consumption went from 157.5 MB to 151.8 MB.
Total: 9.079600 ms (FindLiveObjects: 0.528700 ms CreateObjectMapping: 0.633600 ms MarkObjects: 5.312200 ms  DeleteObjects: 2.603500 ms)

Prepare: number of updated asset objects reloaded= 0
========================================================================
Received Prepare
Refreshing native plugins compatible for Editor in 1.84 ms, found 3 plugins.
Preloading 0 native plugins for Editor in 0.00 ms.
Unloading 25 Unused Serialized files (Serialized files now loaded: 0)
Unloading 6145 unused Assets / (6.3 MB). Loaded Objects now: 6911.
Memory consumption went from 157.6 MB to 151.3 MB.
Total: 10.885400 ms (FindLiveObjects: 1.018100 ms CreateObjectMapping: 0.657500 ms MarkObjects: 5.521100 ms  DeleteObjects: 3.687400 ms)

Prepare: number of updated asset objects reloaded= 0
========================================================================
Received Prepare
Begin MonoManager ReloadAssembly
- Loaded All Assemblies, in  0.644 seconds
Refreshing native plugins compatible for Editor in 1.29 ms, found 3 plugins.
Native extension for WindowsStandalone target not found
Assertion failed on expression: '!AssetDatabase::IsAssetImportWorkerProcess()'
UnityEngine.Debug:ExtractStackTraceNoAlloc (byte*,int,string)
UnityEngine.StackTraceUtility:ExtractStackTrace ()
Coffee.UIEffectInternal.CgincPathSync:UpdateTmpCgincPath () (at ./Library/PackageCache/com.coffee.ui-effect@2fd5dcee7db0/Runtime/Internal/Utilities/CgincPathSync.cs:51)
Coffee.UIEffectInternal.CgincPathSync:RegisterShaders (string,string[]) (at ./Library/PackageCache/com.coffee.ui-effect@2fd5dcee7db0/Runtime/Internal/Utilities/CgincPathSync.cs:20)
Coffee.UIEffects.UIEffectProjectSettings:InitializeOnLoadMethod () (at ./Library/PackageCache/com.coffee.ui-effect@2fd5dcee7db0/Runtime/UIEffectProjectSettings.cs:136)
System.Reflection.RuntimeMethodInfo:Invoke (object,System.Reflection.BindingFlags,System.Reflection.Binder,object[],System.Globalization.CultureInfo)
System.Reflection.MethodBase:Invoke (object,object[])
UnityEditor.EditorAssemblies:ProcessInitializeOnLoadMethodAttributes ()

[./Library/PackageCache/com.coffee.ui-effect@2fd5dcee7db0/Runtime/Internal/Utilities/CgincPathSync.cs line 51]

Asset Pipeline Refresh (id=3f0c8ba020760414d987211fca4e30f4): Total: 0.001 seconds - Initiated by StopAssetImportingV2(NoUpdateAssetOptions)
Mono: successfully reloaded assembly
- Finished resetting the current domain, in  0.762 seconds
Domain Reload Profiling: 1407ms
	BeginReloadAssembly (231ms)
		ExecutionOrderSort (0ms)
		DisableScriptedObjects (8ms)
		BackupInstance (0ms)
		ReleaseScriptingObjects (0ms)
		CreateAndSetChildDomain (51ms)
	RebuildCommonClasses (27ms)
	RebuildNativeTypeToScriptingClass (11ms)
	initialDomainReloadingComplete (23ms)
	LoadAllAssembliesAndSetupDomain (352ms)
		LoadAssemblies (320ms)
		RebuildTransferFunctionScriptingTraits (0ms)
		AnalyzeDomain (153ms)
			TypeCache.Refresh (9ms)
				TypeCache.ScanAssembly (1ms)
			BuildScriptInfoCaches (131ms)
			ResolveRequiredComponents (10ms)
	FinalizeReload (763ms)
		ReleaseScriptCaches (0ms)
		RebuildScriptCaches (0ms)
		SetupLoadedEditorAssemblies (570ms)
			LogAssemblyErrors (0ms)
			InitializePlatformSupportModulesInManaged (3ms)
			SetLoadedEditorAssemblies (3ms)
			BeforeProcessingInitializeOnLoad (111ms)
			ProcessInitializeOnLoadAttributes (378ms)
			ProcessInitializeOnLoadMethodAttributes (70ms)
			AfterProcessingInitializeOnLoad (5ms)
			EditorAssembliesLoaded (0ms)
		ExecutionOrderSort2 (0ms)
		AwakeInstancesAfterBackupRestoration (14ms)
Refreshing native plugins compatible for Editor in 1.09 ms, found 3 plugins.
Preloading 0 native plugins for Editor in 0.00 ms.
Unloading 25 Unused Serialized files (Serialized files now loaded: 0)
Unloading 6152 unused Assets / (6.3 MB). Loaded Objects now: 6913.
Memory consumption went from 157.5 MB to 151.2 MB.
Total: 9.015000 ms (FindLiveObjects: 0.610200 ms CreateObjectMapping: 0.780200 ms MarkObjects: 5.029000 ms  DeleteObjects: 2.594500 ms)

Prepare: number of updated asset objects reloaded= 0
========================================================================
Received Prepare
Begin MonoManager ReloadAssembly
- Loaded All Assemblies, in  0.576 seconds
Refreshing native plugins compatible for Editor in 1.07 ms, found 3 plugins.
Native extension for WindowsStandalone target not found
Assertion failed on expression: '!AssetDatabase::IsAssetImportWorkerProcess()'
UnityEngine.Debug:ExtractStackTraceNoAlloc (byte*,int,string)
UnityEngine.StackTraceUtility:ExtractStackTrace ()
Coffee.UIEffectInternal.CgincPathSync:UpdateTmpCgincPath () (at ./Library/PackageCache/com.coffee.ui-effect@2fd5dcee7db0/Runtime/Internal/Utilities/CgincPathSync.cs:51)
Coffee.UIEffectInternal.CgincPathSync:RegisterShaders (string,string[]) (at ./Library/PackageCache/com.coffee.ui-effect@2fd5dcee7db0/Runtime/Internal/Utilities/CgincPathSync.cs:20)
Coffee.UIEffects.UIEffectProjectSettings:InitializeOnLoadMethod () (at ./Library/PackageCache/com.coffee.ui-effect@2fd5dcee7db0/Runtime/UIEffectProjectSettings.cs:136)
System.Reflection.RuntimeMethodInfo:Invoke (object,System.Reflection.BindingFlags,System.Reflection.Binder,object[],System.Globalization.CultureInfo)
System.Reflection.MethodBase:Invoke (object,object[])
UnityEditor.EditorAssemblies:ProcessInitializeOnLoadMethodAttributes ()

[./Library/PackageCache/com.coffee.ui-effect@2fd5dcee7db0/Runtime/Internal/Utilities/CgincPathSync.cs line 51]

Asset Pipeline Refresh (id=17c279acb15fcb94099a046056a52f0a): Total: 0.000 seconds - Initiated by StopAssetImportingV2(NoUpdateAssetOptions)
Mono: successfully reloaded assembly
- Finished resetting the current domain, in  0.594 seconds
Domain Reload Profiling: 1170ms
	BeginReloadAssembly (160ms)
		ExecutionOrderSort (0ms)
		DisableScriptedObjects (6ms)
		BackupInstance (0ms)
		ReleaseScriptingObjects (0ms)
		CreateAndSetChildDomain (39ms)
	RebuildCommonClasses (29ms)
	RebuildNativeTypeToScriptingClass (10ms)
	initialDomainReloadingComplete (26ms)
	LoadAllAssembliesAndSetupDomain (351ms)
		LoadAssemblies (277ms)
		RebuildTransferFunctionScriptingTraits (0ms)
		AnalyzeDomain (153ms)
			TypeCache.Refresh (7ms)
				TypeCache.ScanAssembly (0ms)
			BuildScriptInfoCaches (133ms)
			ResolveRequiredComponents (10ms)
	FinalizeReload (594ms)
		ReleaseScriptCaches (0ms)
		RebuildScriptCaches (0ms)
		SetupLoadedEditorAssemblies (442ms)
			LogAssemblyErrors (0ms)
			InitializePlatformSupportModulesInManaged (2ms)
			SetLoadedEditorAssemblies (3ms)
			BeforeProcessingInitializeOnLoad (88ms)
			ProcessInitializeOnLoadAttributes (291ms)
			ProcessInitializeOnLoadMethodAttributes (54ms)
			AfterProcessingInitializeOnLoad (4ms)
			EditorAssembliesLoaded (0ms)
		ExecutionOrderSort2 (0ms)
		AwakeInstancesAfterBackupRestoration (11ms)
Refreshing native plugins compatible for Editor in 1.05 ms, found 3 plugins.
Preloading 0 native plugins for Editor in 0.00 ms.
Unloading 25 Unused Serialized files (Serialized files now loaded: 0)
Unloading 6152 unused Assets / (6.2 MB). Loaded Objects now: 6915.
Memory consumption went from 157.4 MB to 151.2 MB.
Total: 8.237900 ms (FindLiveObjects: 0.487100 ms CreateObjectMapping: 0.612900 ms MarkObjects: 4.412300 ms  DeleteObjects: 2.724500 ms)

Prepare: number of updated asset objects reloaded= 0
========================================================================
Received Prepare
Begin MonoManager ReloadAssembly
- Loaded All Assemblies, in  0.968 seconds
Refreshing native plugins compatible for Editor in 1.82 ms, found 3 plugins.
Native extension for WindowsStandalone target not found
Assertion failed on expression: '!AssetDatabase::IsAssetImportWorkerProcess()'
UnityEngine.Debug:ExtractStackTraceNoAlloc (byte*,int,string)
UnityEngine.StackTraceUtility:ExtractStackTrace ()
Coffee.UIEffectInternal.CgincPathSync:UpdateTmpCgincPath () (at ./Library/PackageCache/com.coffee.ui-effect@2fd5dcee7db0/Runtime/Internal/Utilities/CgincPathSync.cs:51)
Coffee.UIEffectInternal.CgincPathSync:RegisterShaders (string,string[]) (at ./Library/PackageCache/com.coffee.ui-effect@2fd5dcee7db0/Runtime/Internal/Utilities/CgincPathSync.cs:20)
Coffee.UIEffects.UIEffectProjectSettings:InitializeOnLoadMethod () (at ./Library/PackageCache/com.coffee.ui-effect@2fd5dcee7db0/Runtime/UIEffectProjectSettings.cs:136)
System.Reflection.RuntimeMethodInfo:Invoke (object,System.Reflection.BindingFlags,System.Reflection.Binder,object[],System.Globalization.CultureInfo)
System.Reflection.MethodBase:Invoke (object,object[])
UnityEditor.EditorAssemblies:ProcessInitializeOnLoadMethodAttributes ()

[./Library/PackageCache/com.coffee.ui-effect@2fd5dcee7db0/Runtime/Internal/Utilities/CgincPathSync.cs line 51]

Asset Pipeline Refresh (id=15dc77f8cce18ba49b8619a3cb1e8814): Total: 0.001 seconds - Initiated by StopAssetImportingV2(NoUpdateAssetOptions)
Mono: successfully reloaded assembly
- Finished resetting the current domain, in  0.974 seconds
Domain Reload Profiling: 1938ms
	BeginReloadAssembly (236ms)
		ExecutionOrderSort (0ms)
		DisableScriptedObjects (8ms)
		BackupInstance (0ms)
		ReleaseScriptingObjects (0ms)
		CreateAndSetChildDomain (48ms)
	RebuildCommonClasses (41ms)
	RebuildNativeTypeToScriptingClass (17ms)
	initialDomainReloadingComplete (36ms)
	LoadAllAssembliesAndSetupDomain (635ms)
		LoadAssemblies (530ms)
		RebuildTransferFunctionScriptingTraits (0ms)
		AnalyzeDomain (231ms)
			TypeCache.Refresh (12ms)
				TypeCache.ScanAssembly (1ms)
			BuildScriptInfoCaches (198ms)
			ResolveRequiredComponents (16ms)
	FinalizeReload (974ms)
		ReleaseScriptCaches (0ms)
		RebuildScriptCaches (0ms)
		SetupLoadedEditorAssemblies (751ms)
			LogAssemblyErrors (0ms)
			InitializePlatformSupportModulesInManaged (3ms)
			SetLoadedEditorAssemblies (4ms)
			BeforeProcessingInitializeOnLoad (157ms)
			ProcessInitializeOnLoadAttributes (488ms)
			ProcessInitializeOnLoadMethodAttributes (91ms)
			AfterProcessingInitializeOnLoad (8ms)
			EditorAssembliesLoaded (0ms)
		ExecutionOrderSort2 (0ms)
		AwakeInstancesAfterBackupRestoration (14ms)
Refreshing native plugins compatible for Editor in 1.56 ms, found 3 plugins.
Preloading 0 native plugins for Editor in 0.00 ms.
Unloading 25 Unused Serialized files (Serialized files now loaded: 0)
Unloading 6152 unused Assets / (5.5 MB). Loaded Objects now: 6917.
Memory consumption went from 157.5 MB to 152.0 MB.
Total: 8.191400 ms (FindLiveObjects: 0.718900 ms CreateObjectMapping: 0.390800 ms MarkObjects: 5.048600 ms  DeleteObjects: 2.031600 ms)

Prepare: number of updated asset objects reloaded= 0
========================================================================
Received Prepare
Begin MonoManager ReloadAssembly
- Loaded All Assemblies, in  0.868 seconds
Refreshing native plugins compatible for Editor in 1.28 ms, found 3 plugins.
Native extension for WindowsStandalone target not found
Assertion failed on expression: '!AssetDatabase::IsAssetImportWorkerProcess()'
UnityEngine.Debug:ExtractStackTraceNoAlloc (byte*,int,string)
UnityEngine.StackTraceUtility:ExtractStackTrace ()
Coffee.UIEffectInternal.CgincPathSync:UpdateTmpCgincPath () (at ./Library/PackageCache/com.coffee.ui-effect@2fd5dcee7db0/Runtime/Internal/Utilities/CgincPathSync.cs:51)
Coffee.UIEffectInternal.CgincPathSync:RegisterShaders (string,string[]) (at ./Library/PackageCache/com.coffee.ui-effect@2fd5dcee7db0/Runtime/Internal/Utilities/CgincPathSync.cs:20)
Coffee.UIEffects.UIEffectProjectSettings:InitializeOnLoadMethod () (at ./Library/PackageCache/com.coffee.ui-effect@2fd5dcee7db0/Runtime/UIEffectProjectSettings.cs:136)
System.Reflection.RuntimeMethodInfo:Invoke (object,System.Reflection.BindingFlags,System.Reflection.Binder,object[],System.Globalization.CultureInfo)
System.Reflection.MethodBase:Invoke (object,object[])
UnityEditor.EditorAssemblies:ProcessInitializeOnLoadMethodAttributes ()

[./Library/PackageCache/com.coffee.ui-effect@2fd5dcee7db0/Runtime/Internal/Utilities/CgincPathSync.cs line 51]

Asset Pipeline Refresh (id=8e70867acfbae1b468068440d22ef25a): Total: 0.001 seconds - Initiated by StopAssetImportingV2(NoUpdateAssetOptions)
Mono: successfully reloaded assembly
- Finished resetting the current domain, in  0.831 seconds
Domain Reload Profiling: 1696ms
	BeginReloadAssembly (227ms)
		ExecutionOrderSort (0ms)
		DisableScriptedObjects (8ms)
		BackupInstance (0ms)
		ReleaseScriptingObjects (0ms)
		CreateAndSetChildDomain (44ms)
	RebuildCommonClasses (41ms)
	RebuildNativeTypeToScriptingClass (15ms)
	initialDomainReloadingComplete (38ms)
	LoadAllAssembliesAndSetupDomain (543ms)
		LoadAssemblies (451ms)
		RebuildTransferFunctionScriptingTraits (0ms)
		AnalyzeDomain (215ms)
			TypeCache.Refresh (8ms)
				TypeCache.ScanAssembly (0ms)
			BuildScriptInfoCaches (190ms)
			ResolveRequiredComponents (14ms)
	FinalizeReload (832ms)
		ReleaseScriptCaches (0ms)
		RebuildScriptCaches (0ms)
		SetupLoadedEditorAssemblies (594ms)
			LogAssemblyErrors (0ms)
			InitializePlatformSupportModulesInManaged (4ms)
			SetLoadedEditorAssemblies (5ms)
			BeforeProcessingInitializeOnLoad (137ms)
			ProcessInitializeOnLoadAttributes (372ms)
			ProcessInitializeOnLoadMethodAttributes (70ms)
			AfterProcessingInitializeOnLoad (5ms)
			EditorAssembliesLoaded (0ms)
		ExecutionOrderSort2 (0ms)
		AwakeInstancesAfterBackupRestoration (15ms)
Refreshing native plugins compatible for Editor in 0.84 ms, found 3 plugins.
Preloading 0 native plugins for Editor in 0.00 ms.
Unloading 25 Unused Serialized files (Serialized files now loaded: 0)
Unloading 6152 unused Assets / (6.4 MB). Loaded Objects now: 6919.
Memory consumption went from 157.5 MB to 151.1 MB.
Total: 9.265300 ms (FindLiveObjects: 0.615700 ms CreateObjectMapping: 0.802700 ms MarkObjects: 5.316300 ms  DeleteObjects: 2.528500 ms)

Prepare: number of updated asset objects reloaded= 0
========================================================================
Received Import Request.
  Time since last request: 161.355105 seconds.
  path: Assets/Scenes/SampleScene.unity
  artifactKey: Guid(99c9720ab356a0642a771bea13969a05) Importer(815301076,1909f56bfc062723c751e8b465ee728b)
Start importing Assets/Scenes/SampleScene.unity using Guid(99c9720ab356a0642a771bea13969a05) Importer(815301076,1909f56bfc062723c751e8b465ee728b) (PreviewImporter) -> (artifact id: '41fecb43c0bc237d8ab1d98c48e5997b') in 0.0501421 seconds
Number of updated asset objects reloaded before import = 0Number of asset objects unloaded after import = 0

========================================================================
Received Prepare
Begin MonoManager ReloadAssembly
- Loaded All Assemblies, in  0.580 seconds
Refreshing native plugins compatible for Editor in 0.77 ms, found 3 plugins.
Native extension for WindowsStandalone target not found
Assertion failed on expression: '!AssetDatabase::IsAssetImportWorkerProcess()'
UnityEngine.Debug:ExtractStackTraceNoAlloc (byte*,int,string)
UnityEngine.StackTraceUtility:ExtractStackTrace ()
Coffee.UIEffectInternal.CgincPathSync:UpdateTmpCgincPath () (at ./Library/PackageCache/com.coffee.ui-effect@2fd5dcee7db0/Runtime/Internal/Utilities/CgincPathSync.cs:51)
Coffee.UIEffectInternal.CgincPathSync:RegisterShaders (string,string[]) (at ./Library/PackageCache/com.coffee.ui-effect@2fd5dcee7db0/Runtime/Internal/Utilities/CgincPathSync.cs:20)
Coffee.UIEffects.UIEffectProjectSettings:InitializeOnLoadMethod () (at ./Library/PackageCache/com.coffee.ui-effect@2fd5dcee7db0/Runtime/UIEffectProjectSettings.cs:136)
System.Reflection.RuntimeMethodInfo:Invoke (object,System.Reflection.BindingFlags,System.Reflection.Binder,object[],System.Globalization.CultureInfo)
System.Reflection.MethodBase:Invoke (object,object[])
UnityEditor.EditorAssemblies:ProcessInitializeOnLoadMethodAttributes ()

[./Library/PackageCache/com.coffee.ui-effect@2fd5dcee7db0/Runtime/Internal/Utilities/CgincPathSync.cs line 51]

Asset Pipeline Refresh (id=db3b7cbd94dbbfa498ff9e779c459114): Total: 0.001 seconds - Initiated by StopAssetImportingV2(NoUpdateAssetOptions)
Mono: successfully reloaded assembly
- Finished resetting the current domain, in  0.617 seconds
Domain Reload Profiling: 1199ms
	BeginReloadAssembly (172ms)
		ExecutionOrderSort (0ms)
		DisableScriptedObjects (8ms)
		BackupInstance (0ms)
		ReleaseScriptingObjects (0ms)
		CreateAndSetChildDomain (43ms)
	RebuildCommonClasses (28ms)
	RebuildNativeTypeToScriptingClass (10ms)
	initialDomainReloadingComplete (23ms)
	LoadAllAssembliesAndSetupDomain (349ms)
		LoadAssemblies (281ms)
		RebuildTransferFunctionScriptingTraits (0ms)
		AnalyzeDomain (152ms)
			TypeCache.Refresh (6ms)
				TypeCache.ScanAssembly (0ms)
			BuildScriptInfoCaches (133ms)
			ResolveRequiredComponents (9ms)
	FinalizeReload (618ms)
		ReleaseScriptCaches (0ms)
		RebuildScriptCaches (0ms)
		SetupLoadedEditorAssemblies (458ms)
			LogAssemblyErrors (0ms)
			InitializePlatformSupportModulesInManaged (2ms)
			SetLoadedEditorAssemblies (3ms)
			BeforeProcessingInitializeOnLoad (86ms)
			ProcessInitializeOnLoadAttributes (301ms)
			ProcessInitializeOnLoadMethodAttributes (60ms)
			AfterProcessingInitializeOnLoad (5ms)
			EditorAssembliesLoaded (0ms)
		ExecutionOrderSort2 (0ms)
		AwakeInstancesAfterBackupRestoration (13ms)
Refreshing native plugins compatible for Editor in 0.80 ms, found 3 plugins.
Preloading 0 native plugins for Editor in 0.00 ms.
Unloading 25 Unused Serialized files (Serialized files now loaded: 0)
Unloading 6152 unused Assets / (5.9 MB). Loaded Objects now: 6921.
Memory consumption went from 157.5 MB to 151.6 MB.
Total: 6.925200 ms (FindLiveObjects: 0.483400 ms CreateObjectMapping: 0.499900 ms MarkObjects: 3.755200 ms  DeleteObjects: 2.185800 ms)

Prepare: number of updated asset objects reloaded= 0
========================================================================
Received Import Request.
  Time since last request: 11.873856 seconds.
  path: Assets/Scenes/MainMenu.unity
  artifactKey: Guid(8053b5b3cee50ec4ebbb0dabfe65fffd) Importer(815301076,1909f56bfc062723c751e8b465ee728b)
Start importing Assets/Scenes/MainMenu.unity using Guid(8053b5b3cee50ec4ebbb0dabfe65fffd) Importer(815301076,1909f56bfc062723c751e8b465ee728b) (PreviewImporter) -> (artifact id: 'cba416e7a66077fac6c2595a6ac0f932') in 0.0098793 seconds
Number of updated asset objects reloaded before import = 0Number of asset objects unloaded after import = 0

========================================================================
Received Prepare
Begin MonoManager ReloadAssembly
- Loaded All Assemblies, in  0.578 seconds
Refreshing native plugins compatible for Editor in 0.68 ms, found 3 plugins.
Native extension for WindowsStandalone target not found
Assertion failed on expression: '!AssetDatabase::IsAssetImportWorkerProcess()'
UnityEngine.Debug:ExtractStackTraceNoAlloc (byte*,int,string)
UnityEngine.StackTraceUtility:ExtractStackTrace ()
Coffee.UIEffectInternal.CgincPathSync:UpdateTmpCgincPath () (at ./Library/PackageCache/com.coffee.ui-effect@2fd5dcee7db0/Runtime/Internal/Utilities/CgincPathSync.cs:51)
Coffee.UIEffectInternal.CgincPathSync:RegisterShaders (string,string[]) (at ./Library/PackageCache/com.coffee.ui-effect@2fd5dcee7db0/Runtime/Internal/Utilities/CgincPathSync.cs:20)
Coffee.UIEffects.UIEffectProjectSettings:InitializeOnLoadMethod () (at ./Library/PackageCache/com.coffee.ui-effect@2fd5dcee7db0/Runtime/UIEffectProjectSettings.cs:136)
System.Reflection.RuntimeMethodInfo:Invoke (object,System.Reflection.BindingFlags,System.Reflection.Binder,object[],System.Globalization.CultureInfo)
System.Reflection.MethodBase:Invoke (object,object[])
UnityEditor.EditorAssemblies:ProcessInitializeOnLoadMethodAttributes ()

[./Library/PackageCache/com.coffee.ui-effect@2fd5dcee7db0/Runtime/Internal/Utilities/CgincPathSync.cs line 51]

Asset Pipeline Refresh (id=0a6437cc39e83a14a803619c40956918): Total: 0.000 seconds - Initiated by StopAssetImportingV2(NoUpdateAssetOptions)
Mono: successfully reloaded assembly
- Finished resetting the current domain, in  0.595 seconds
Domain Reload Profiling: 1175ms
	BeginReloadAssembly (166ms)
		ExecutionOrderSort (0ms)
		DisableScriptedObjects (5ms)
		BackupInstance (0ms)
		ReleaseScriptingObjects (0ms)
		CreateAndSetChildDomain (42ms)
	RebuildCommonClasses (29ms)
	RebuildNativeTypeToScriptingClass (10ms)
	initialDomainReloadingComplete (24ms)
	LoadAllAssembliesAndSetupDomain (351ms)
		LoadAssemblies (281ms)
		RebuildTransferFunctionScriptingTraits (0ms)
		AnalyzeDomain (150ms)
			TypeCache.Refresh (6ms)
				TypeCache.ScanAssembly (0ms)
			BuildScriptInfoCaches (132ms)
			ResolveRequiredComponents (9ms)
	FinalizeReload (596ms)
		ReleaseScriptCaches (0ms)
		RebuildScriptCaches (0ms)
		SetupLoadedEditorAssemblies (445ms)
			LogAssemblyErrors (0ms)
			InitializePlatformSupportModulesInManaged (2ms)
			SetLoadedEditorAssemblies (3ms)
			BeforeProcessingInitializeOnLoad (93ms)
			ProcessInitializeOnLoadAttributes (292ms)
			ProcessInitializeOnLoadMethodAttributes (51ms)
			AfterProcessingInitializeOnLoad (4ms)
			EditorAssembliesLoaded (0ms)
		ExecutionOrderSort2 (0ms)
		AwakeInstancesAfterBackupRestoration (11ms)
Refreshing native plugins compatible for Editor in 0.80 ms, found 3 plugins.
Preloading 0 native plugins for Editor in 0.00 ms.
Unloading 25 Unused Serialized files (Serialized files now loaded: 0)
Unloading 6152 unused Assets / (6.3 MB). Loaded Objects now: 6923.
Memory consumption went from 157.5 MB to 151.2 MB.
Total: 8.460800 ms (FindLiveObjects: 0.793700 ms CreateObjectMapping: 0.525400 ms MarkObjects: 4.194800 ms  DeleteObjects: 2.945500 ms)

Prepare: number of updated asset objects reloaded= 0
========================================================================
Received Prepare
Begin MonoManager ReloadAssembly
- Loaded All Assemblies, in  0.576 seconds
Refreshing native plugins compatible for Editor in 0.92 ms, found 3 plugins.
Native extension for WindowsStandalone target not found
Assertion failed on expression: '!AssetDatabase::IsAssetImportWorkerProcess()'
UnityEngine.Debug:ExtractStackTraceNoAlloc (byte*,int,string)
UnityEngine.StackTraceUtility:ExtractStackTrace ()
Coffee.UIEffectInternal.CgincPathSync:UpdateTmpCgincPath () (at ./Library/PackageCache/com.coffee.ui-effect@2fd5dcee7db0/Runtime/Internal/Utilities/CgincPathSync.cs:51)
Coffee.UIEffectInternal.CgincPathSync:RegisterShaders (string,string[]) (at ./Library/PackageCache/com.coffee.ui-effect@2fd5dcee7db0/Runtime/Internal/Utilities/CgincPathSync.cs:20)
Coffee.UIEffects.UIEffectProjectSettings:InitializeOnLoadMethod () (at ./Library/PackageCache/com.coffee.ui-effect@2fd5dcee7db0/Runtime/UIEffectProjectSettings.cs:136)
System.Reflection.RuntimeMethodInfo:Invoke (object,System.Reflection.BindingFlags,System.Reflection.Binder,object[],System.Globalization.CultureInfo)
System.Reflection.MethodBase:Invoke (object,object[])
UnityEditor.EditorAssemblies:ProcessInitializeOnLoadMethodAttributes ()

[./Library/PackageCache/com.coffee.ui-effect@2fd5dcee7db0/Runtime/Internal/Utilities/CgincPathSync.cs line 51]

Asset Pipeline Refresh (id=8686638807d886d4481ab7ab0cf393e6): Total: 0.000 seconds - Initiated by StopAssetImportingV2(NoUpdateAssetOptions)
Mono: successfully reloaded assembly
- Finished resetting the current domain, in  0.588 seconds
Domain Reload Profiling: 1164ms
	BeginReloadAssembly (166ms)
		ExecutionOrderSort (0ms)
		DisableScriptedObjects (6ms)
		BackupInstance (0ms)
		ReleaseScriptingObjects (0ms)
		CreateAndSetChildDomain (44ms)
	RebuildCommonClasses (29ms)
	RebuildNativeTypeToScriptingClass (9ms)
	initialDomainReloadingComplete (22ms)
	LoadAllAssembliesAndSetupDomain (349ms)
		LoadAssemblies (277ms)
		RebuildTransferFunctionScriptingTraits (0ms)
		AnalyzeDomain (151ms)
			TypeCache.Refresh (8ms)
				TypeCache.ScanAssembly (0ms)
			BuildScriptInfoCaches (131ms)
			ResolveRequiredComponents (8ms)
	FinalizeReload (588ms)
		ReleaseScriptCaches (0ms)
		RebuildScriptCaches (0ms)
		SetupLoadedEditorAssemblies (439ms)
			LogAssemblyErrors (0ms)
			InitializePlatformSupportModulesInManaged (2ms)
			SetLoadedEditorAssemblies (2ms)
			BeforeProcessingInitializeOnLoad (88ms)
			ProcessInitializeOnLoadAttributes (289ms)
			ProcessInitializeOnLoadMethodAttributes (53ms)
			AfterProcessingInitializeOnLoad (4ms)
			EditorAssembliesLoaded (0ms)
		ExecutionOrderSort2 (0ms)
		AwakeInstancesAfterBackupRestoration (11ms)
Refreshing native plugins compatible for Editor in 1.41 ms, found 3 plugins.
Preloading 0 native plugins for Editor in 0.00 ms.
Unloading 25 Unused Serialized files (Serialized files now loaded: 0)
Unloading 6152 unused Assets / (6.4 MB). Loaded Objects now: 6925.
Memory consumption went from 157.4 MB to 151.1 MB.
Total: 9.161900 ms (FindLiveObjects: 0.656900 ms CreateObjectMapping: 0.681300 ms MarkObjects: 4.632100 ms  DeleteObjects: 3.190300 ms)

Prepare: number of updated asset objects reloaded= 0
========================================================================
Received Prepare
Begin MonoManager ReloadAssembly
- Loaded All Assemblies, in  0.569 seconds
Refreshing native plugins compatible for Editor in 0.77 ms, found 3 plugins.
Native extension for WindowsStandalone target not found
Assertion failed on expression: '!AssetDatabase::IsAssetImportWorkerProcess()'
UnityEngine.Debug:ExtractStackTraceNoAlloc (byte*,int,string)
UnityEngine.StackTraceUtility:ExtractStackTrace ()
Coffee.UIEffectInternal.CgincPathSync:UpdateTmpCgincPath () (at ./Library/PackageCache/com.coffee.ui-effect@2fd5dcee7db0/Runtime/Internal/Utilities/CgincPathSync.cs:51)
Coffee.UIEffectInternal.CgincPathSync:RegisterShaders (string,string[]) (at ./Library/PackageCache/com.coffee.ui-effect@2fd5dcee7db0/Runtime/Internal/Utilities/CgincPathSync.cs:20)
Coffee.UIEffects.UIEffectProjectSettings:InitializeOnLoadMethod () (at ./Library/PackageCache/com.coffee.ui-effect@2fd5dcee7db0/Runtime/UIEffectProjectSettings.cs:136)
System.Reflection.RuntimeMethodInfo:Invoke (object,System.Reflection.BindingFlags,System.Reflection.Binder,object[],System.Globalization.CultureInfo)
System.Reflection.MethodBase:Invoke (object,object[])
UnityEditor.EditorAssemblies:ProcessInitializeOnLoadMethodAttributes ()

[./Library/PackageCache/com.coffee.ui-effect@2fd5dcee7db0/Runtime/Internal/Utilities/CgincPathSync.cs line 51]

Asset Pipeline Refresh (id=cd575b88750121148abddbb6854588bc): Total: 0.001 seconds - Initiated by StopAssetImportingV2(NoUpdateAssetOptions)
Mono: successfully reloaded assembly
- Finished resetting the current domain, in  0.608 seconds
Domain Reload Profiling: 1178ms
	BeginReloadAssembly (158ms)
		ExecutionOrderSort (0ms)
		DisableScriptedObjects (5ms)
		BackupInstance (0ms)
		ReleaseScriptingObjects (0ms)
		CreateAndSetChildDomain (36ms)
	RebuildCommonClasses (29ms)
	RebuildNativeTypeToScriptingClass (10ms)
	initialDomainReloadingComplete (24ms)
	LoadAllAssembliesAndSetupDomain (348ms)
		LoadAssemblies (278ms)
		RebuildTransferFunctionScriptingTraits (0ms)
		AnalyzeDomain (151ms)
			TypeCache.Refresh (6ms)
				TypeCache.ScanAssembly (0ms)
			BuildScriptInfoCaches (131ms)
			ResolveRequiredComponents (10ms)
	FinalizeReload (609ms)
		ReleaseScriptCaches (0ms)
		RebuildScriptCaches (0ms)
		SetupLoadedEditorAssemblies (452ms)
			LogAssemblyErrors (0ms)
			InitializePlatformSupportModulesInManaged (2ms)
			SetLoadedEditorAssemblies (3ms)
			BeforeProcessingInitializeOnLoad (102ms)
			ProcessInitializeOnLoadAttributes (287ms)
			ProcessInitializeOnLoadMethodAttributes (55ms)
			AfterProcessingInitializeOnLoad (4ms)
			EditorAssembliesLoaded (0ms)
		ExecutionOrderSort2 (0ms)
		AwakeInstancesAfterBackupRestoration (10ms)
Refreshing native plugins compatible for Editor in 0.89 ms, found 3 plugins.
Preloading 0 native plugins for Editor in 0.00 ms.
Unloading 25 Unused Serialized files (Serialized files now loaded: 0)
Unloading 6152 unused Assets / (6.4 MB). Loaded Objects now: 6927.
Memory consumption went from 157.5 MB to 151.1 MB.
Total: 8.299200 ms (FindLiveObjects: 0.490200 ms CreateObjectMapping: 0.596300 ms MarkObjects: 4.277100 ms  DeleteObjects: 2.934500 ms)

Prepare: number of updated asset objects reloaded= 0
========================================================================
Received Prepare
Begin MonoManager ReloadAssembly
- Loaded All Assemblies, in  0.584 seconds
Refreshing native plugins compatible for Editor in 0.69 ms, found 3 plugins.
Native extension for WindowsStandalone target not found
Assertion failed on expression: '!AssetDatabase::IsAssetImportWorkerProcess()'
UnityEngine.Debug:ExtractStackTraceNoAlloc (byte*,int,string)
UnityEngine.StackTraceUtility:ExtractStackTrace ()
Coffee.UIEffectInternal.CgincPathSync:UpdateTmpCgincPath () (at ./Library/PackageCache/com.coffee.ui-effect@2fd5dcee7db0/Runtime/Internal/Utilities/CgincPathSync.cs:51)
Coffee.UIEffectInternal.CgincPathSync:RegisterShaders (string,string[]) (at ./Library/PackageCache/com.coffee.ui-effect@2fd5dcee7db0/Runtime/Internal/Utilities/CgincPathSync.cs:20)
Coffee.UIEffects.UIEffectProjectSettings:InitializeOnLoadMethod () (at ./Library/PackageCache/com.coffee.ui-effect@2fd5dcee7db0/Runtime/UIEffectProjectSettings.cs:136)
System.Reflection.RuntimeMethodInfo:Invoke (object,System.Reflection.BindingFlags,System.Reflection.Binder,object[],System.Globalization.CultureInfo)
System.Reflection.MethodBase:Invoke (object,object[])
UnityEditor.EditorAssemblies:ProcessInitializeOnLoadMethodAttributes ()

[./Library/PackageCache/com.coffee.ui-effect@2fd5dcee7db0/Runtime/Internal/Utilities/CgincPathSync.cs line 51]

Asset Pipeline Refresh (id=68d31ff2fd131e84da1723bdf5701f9a): Total: 0.000 seconds - Initiated by StopAssetImportingV2(NoUpdateAssetOptions)
Mono: successfully reloaded assembly
- Finished resetting the current domain, in  0.597 seconds
Domain Reload Profiling: 1180ms
	BeginReloadAssembly (163ms)
		ExecutionOrderSort (0ms)
		DisableScriptedObjects (5ms)
		BackupInstance (0ms)
		ReleaseScriptingObjects (0ms)
		CreateAndSetChildDomain (37ms)
	RebuildCommonClasses (29ms)
	RebuildNativeTypeToScriptingClass (9ms)
	initialDomainReloadingComplete (25ms)
	LoadAllAssembliesAndSetupDomain (357ms)
		LoadAssemblies (286ms)
		RebuildTransferFunctionScriptingTraits (0ms)
		AnalyzeDomain (154ms)
			TypeCache.Refresh (7ms)
				TypeCache.ScanAssembly (0ms)
			BuildScriptInfoCaches (135ms)
			ResolveRequiredComponents (9ms)
	FinalizeReload (597ms)
		ReleaseScriptCaches (0ms)
		RebuildScriptCaches (0ms)
		SetupLoadedEditorAssemblies (446ms)
			LogAssemblyErrors (0ms)
			InitializePlatformSupportModulesInManaged (2ms)
			SetLoadedEditorAssemblies (3ms)
			BeforeProcessingInitializeOnLoad (87ms)
			ProcessInitializeOnLoadAttributes (296ms)
			ProcessInitializeOnLoadMethodAttributes (54ms)
			AfterProcessingInitializeOnLoad (4ms)
			EditorAssembliesLoaded (0ms)
		ExecutionOrderSort2 (0ms)
		AwakeInstancesAfterBackupRestoration (11ms)
Refreshing native plugins compatible for Editor in 1.80 ms, found 3 plugins.
Preloading 0 native plugins for Editor in 0.00 ms.
Unloading 25 Unused Serialized files (Serialized files now loaded: 0)
Unloading 6152 unused Assets / (5.9 MB). Loaded Objects now: 6929.
Memory consumption went from 157.5 MB to 151.6 MB.
Total: 9.844500 ms (FindLiveObjects: 0.912800 ms CreateObjectMapping: 0.357700 ms MarkObjects: 5.670000 ms  DeleteObjects: 2.902000 ms)

Prepare: number of updated asset objects reloaded= 0
========================================================================
Received Prepare
Refreshing native plugins compatible for Editor in 0.92 ms, found 3 plugins.
Preloading 0 native plugins for Editor in 0.00 ms.
Unloading 25 Unused Serialized files (Serialized files now loaded: 0)
Unloading 6145 unused Assets / (6.1 MB). Loaded Objects now: 6929.
Memory consumption went from 157.7 MB to 151.6 MB.
Total: 7.298300 ms (FindLiveObjects: 0.549200 ms CreateObjectMapping: 0.540900 ms MarkObjects: 4.032500 ms  DeleteObjects: 2.174000 ms)

Prepare: number of updated asset objects reloaded= 0
========================================================================
Received Prepare
Begin MonoManager ReloadAssembly
- Loaded All Assemblies, in  0.595 seconds
Refreshing native plugins compatible for Editor in 0.71 ms, found 3 plugins.
Native extension for WindowsStandalone target not found
Assertion failed on expression: '!AssetDatabase::IsAssetImportWorkerProcess()'
UnityEngine.Debug:ExtractStackTraceNoAlloc (byte*,int,string)
UnityEngine.StackTraceUtility:ExtractStackTrace ()
Coffee.UIEffectInternal.CgincPathSync:UpdateTmpCgincPath () (at ./Library/PackageCache/com.coffee.ui-effect@2fd5dcee7db0/Runtime/Internal/Utilities/CgincPathSync.cs:51)
Coffee.UIEffectInternal.CgincPathSync:RegisterShaders (string,string[]) (at ./Library/PackageCache/com.coffee.ui-effect@2fd5dcee7db0/Runtime/Internal/Utilities/CgincPathSync.cs:20)
Coffee.UIEffects.UIEffectProjectSettings:InitializeOnLoadMethod () (at ./Library/PackageCache/com.coffee.ui-effect@2fd5dcee7db0/Runtime/UIEffectProjectSettings.cs:136)
System.Reflection.RuntimeMethodInfo:Invoke (object,System.Reflection.BindingFlags,System.Reflection.Binder,object[],System.Globalization.CultureInfo)
System.Reflection.MethodBase:Invoke (object,object[])
UnityEditor.EditorAssemblies:ProcessInitializeOnLoadMethodAttributes ()

[./Library/PackageCache/com.coffee.ui-effect@2fd5dcee7db0/Runtime/Internal/Utilities/CgincPathSync.cs line 51]

Asset Pipeline Refresh (id=0e1a445aacf26994091b63aad9094ecb): Total: 0.000 seconds - Initiated by StopAssetImportingV2(NoUpdateAssetOptions)
Mono: successfully reloaded assembly
- Finished resetting the current domain, in  0.712 seconds
Domain Reload Profiling: 1308ms
	BeginReloadAssembly (163ms)
		ExecutionOrderSort (0ms)
		DisableScriptedObjects (5ms)
		BackupInstance (0ms)
		ReleaseScriptingObjects (0ms)
		CreateAndSetChildDomain (36ms)
	RebuildCommonClasses (38ms)
	RebuildNativeTypeToScriptingClass (10ms)
	initialDomainReloadingComplete (23ms)
	LoadAllAssembliesAndSetupDomain (361ms)
		LoadAssemblies (288ms)
		RebuildTransferFunctionScriptingTraits (0ms)
		AnalyzeDomain (157ms)
			TypeCache.Refresh (8ms)
				TypeCache.ScanAssembly (1ms)
			BuildScriptInfoCaches (136ms)
			ResolveRequiredComponents (9ms)
	FinalizeReload (713ms)
		ReleaseScriptCaches (0ms)
		RebuildScriptCaches (0ms)
		SetupLoadedEditorAssemblies (547ms)
			LogAssemblyErrors (0ms)
			InitializePlatformSupportModulesInManaged (3ms)
			SetLoadedEditorAssemblies (4ms)
			BeforeProcessingInitializeOnLoad (115ms)
			ProcessInitializeOnLoadAttributes (362ms)
			ProcessInitializeOnLoadMethodAttributes (57ms)
			AfterProcessingInitializeOnLoad (5ms)
			EditorAssembliesLoaded (0ms)
		ExecutionOrderSort2 (0ms)
		AwakeInstancesAfterBackupRestoration (11ms)
Refreshing native plugins compatible for Editor in 0.92 ms, found 3 plugins.
Preloading 0 native plugins for Editor in 0.00 ms.
Unloading 25 Unused Serialized files (Serialized files now loaded: 0)
Unloading 6152 unused Assets / (6.0 MB). Loaded Objects now: 6931.
Memory consumption went from 157.5 MB to 151.5 MB.
Total: 6.612900 ms (FindLiveObjects: 0.566500 ms CreateObjectMapping: 0.645000 ms MarkObjects: 3.393500 ms  DeleteObjects: 2.006600 ms)

Prepare: number of updated asset objects reloaded= 0
========================================================================
Received Prepare
Begin MonoManager ReloadAssembly
- Loaded All Assemblies, in  0.589 seconds
Refreshing native plugins compatible for Editor in 0.65 ms, found 3 plugins.
Native extension for WindowsStandalone target not found
Assertion failed on expression: '!AssetDatabase::IsAssetImportWorkerProcess()'
UnityEngine.Debug:ExtractStackTraceNoAlloc (byte*,int,string)
UnityEngine.StackTraceUtility:ExtractStackTrace ()
Coffee.UIEffectInternal.CgincPathSync:UpdateTmpCgincPath () (at ./Library/PackageCache/com.coffee.ui-effect@2fd5dcee7db0/Runtime/Internal/Utilities/CgincPathSync.cs:51)
Coffee.UIEffectInternal.CgincPathSync:RegisterShaders (string,string[]) (at ./Library/PackageCache/com.coffee.ui-effect@2fd5dcee7db0/Runtime/Internal/Utilities/CgincPathSync.cs:20)
Coffee.UIEffects.UIEffectProjectSettings:InitializeOnLoadMethod () (at ./Library/PackageCache/com.coffee.ui-effect@2fd5dcee7db0/Runtime/UIEffectProjectSettings.cs:136)
System.Reflection.RuntimeMethodInfo:Invoke (object,System.Reflection.BindingFlags,System.Reflection.Binder,object[],System.Globalization.CultureInfo)
System.Reflection.MethodBase:Invoke (object,object[])
UnityEditor.EditorAssemblies:ProcessInitializeOnLoadMethodAttributes ()

[./Library/PackageCache/com.coffee.ui-effect@2fd5dcee7db0/Runtime/Internal/Utilities/CgincPathSync.cs line 51]

Asset Pipeline Refresh (id=098bbae5a2a81f14da30f87333e75cc8): Total: 0.000 seconds - Initiated by StopAssetImportingV2(NoUpdateAssetOptions)
Mono: successfully reloaded assembly
- Finished resetting the current domain, in  0.594 seconds
Domain Reload Profiling: 1184ms
	BeginReloadAssembly (162ms)
		ExecutionOrderSort (0ms)
		DisableScriptedObjects (5ms)
		BackupInstance (0ms)
		ReleaseScriptingObjects (0ms)
		CreateAndSetChildDomain (38ms)
	RebuildCommonClasses (29ms)
	RebuildNativeTypeToScriptingClass (10ms)
	initialDomainReloadingComplete (23ms)
	LoadAllAssembliesAndSetupDomain (366ms)
		LoadAssemblies (288ms)
		RebuildTransferFunctionScriptingTraits (0ms)
		AnalyzeDomain (158ms)
			TypeCache.Refresh (7ms)
				TypeCache.ScanAssembly (0ms)
			BuildScriptInfoCaches (140ms)
			ResolveRequiredComponents (9ms)
	FinalizeReload (595ms)
		ReleaseScriptCaches (0ms)
		RebuildScriptCaches (0ms)
		SetupLoadedEditorAssemblies (445ms)
			LogAssemblyErrors (0ms)
			InitializePlatformSupportModulesInManaged (2ms)
			SetLoadedEditorAssemblies (3ms)
			BeforeProcessingInitializeOnLoad (88ms)
			ProcessInitializeOnLoadAttributes (295ms)
			ProcessInitializeOnLoadMethodAttributes (53ms)
			AfterProcessingInitializeOnLoad (4ms)
			EditorAssembliesLoaded (0ms)
		ExecutionOrderSort2 (0ms)
		AwakeInstancesAfterBackupRestoration (13ms)
Refreshing native plugins compatible for Editor in 1.02 ms, found 3 plugins.
Preloading 0 native plugins for Editor in 0.00 ms.
Unloading 25 Unused Serialized files (Serialized files now loaded: 0)
Unloading 6152 unused Assets / (6.2 MB). Loaded Objects now: 6933.
Memory consumption went from 157.5 MB to 151.3 MB.
Total: 8.103300 ms (FindLiveObjects: 0.722100 ms CreateObjectMapping: 0.646500 ms MarkObjects: 4.184600 ms  DeleteObjects: 2.548900 ms)

Prepare: number of updated asset objects reloaded= 0
========================================================================
Received Import Request.
  Time since last request: 404.603494 seconds.
  path: Packages/com.coffee.ui-effect/UIEffectPresets/501 - Shadow - Shadow.prefab
  artifactKey: Guid(b915f670104fa49f8a0ba7cfacdeaa03) Importer(815301076,1909f56bfc062723c751e8b465ee728b)
Start importing Packages/com.coffee.ui-effect/UIEffectPresets/501 - Shadow - Shadow.prefab using Guid(b915f670104fa49f8a0ba7cfacdeaa03) Importer(815301076,1909f56bfc062723c751e8b465ee728b) (PreviewImporter) -> (artifact id: '02e3d37934452a5d3a0032ebc313931e') in 0.1266123 seconds
Number of updated asset objects reloaded before import = 0Number of asset objects unloaded after import = 5

========================================================================
Received Import Request.
  Time since last request: 0.000024 seconds.
  path: Packages/com.coffee.ui-effect/UIEffectPresets/604 - Gradation (Colors) - Diagonal.prefab
  artifactKey: Guid(d2792b2cebd074d81b5d22c3cf36b7be) Importer(815301076,1909f56bfc062723c751e8b465ee728b)
Start importing Packages/com.coffee.ui-effect/UIEffectPresets/604 - Gradation (Colors) - Diagonal.prefab using Guid(d2792b2cebd074d81b5d22c3cf36b7be) Importer(815301076,1909f56bfc062723c751e8b465ee728b) (PreviewImporter) -> (artifact id: 'd3fb2bbd0202d02ec4a3233f0a5e7111') in 0.0027537 seconds
Number of updated asset objects reloaded before import = 0Number of asset objects unloaded after import = 5

========================================================================
Received Import Request.
  Time since last request: 0.000028 seconds.
  path: Packages/com.coffee.ui-effect/UIEffectPresets/612 - Gradation - Vertical.prefab
  artifactKey: Guid(26e7c34ccfc4c4d8fa6e4e9944b1d8a5) Importer(815301076,1909f56bfc062723c751e8b465ee728b)
Start importing Packages/com.coffee.ui-effect/UIEffectPresets/612 - Gradation - Vertical.prefab using Guid(26e7c34ccfc4c4d8fa6e4e9944b1d8a5) Importer(815301076,1909f56bfc062723c751e8b465ee728b) (PreviewImporter) -> (artifact id: '0cdd69b7e8748da37b5f501d248854de') in 0.0027093 seconds
Number of updated asset objects reloaded before import = 0Number of asset objects unloaded after import = 5

========================================================================
Received Import Request.
  Time since last request: 0.000021 seconds.
  path: Packages/com.coffee.ui-effect/UIEffectPresets/Transition_Pattern_Dot.png
  artifactKey: Guid(51cf4ae69d327428fbac4ee73e8587fe) Importer(815301076,1909f56bfc062723c751e8b465ee728b)
Start importing Packages/com.coffee.ui-effect/UIEffectPresets/Transition_Pattern_Dot.png using Guid(51cf4ae69d327428fbac4ee73e8587fe) Importer(815301076,1909f56bfc062723c751e8b465ee728b) (PreviewImporter) -> (artifact id: 'a95510badc0cac090f1aaf43eff95651') in 0.0653397 seconds
Number of updated asset objects reloaded before import = 0Number of asset objects unloaded after import = 2

========================================================================
Received Import Request.
  Time since last request: 0.000021 seconds.
  path: Packages/com.coffee.ui-effect/UIEffectPresets/510 - Shadow - Neon.prefab
  artifactKey: Guid(c89278c1dcea74ae1a14bcdfc7bffe0a) Importer(815301076,1909f56bfc062723c751e8b465ee728b)
Start importing Packages/com.coffee.ui-effect/UIEffectPresets/510 - Shadow - Neon.prefab using Guid(c89278c1dcea74ae1a14bcdfc7bffe0a) Importer(815301076,1909f56bfc062723c751e8b465ee728b) (PreviewImporter) -> (artifact id: '1b5d246d405efc97955984a505a81433') in 0.0031735 seconds
Number of updated asset objects reloaded before import = 0Number of asset objects unloaded after import = 5

========================================================================
Received Import Request.
  Time since last request: 0.000048 seconds.
  path: Packages/com.coffee.ui-effect/UIEffectPresets/611 - Gradation - Horizontal.prefab
  artifactKey: Guid(e2fc8f2d7a0c74fe58bd18dc544bffea) Importer(815301076,1909f56bfc062723c751e8b465ee728b)
Start importing Packages/com.coffee.ui-effect/UIEffectPresets/611 - Gradation - Horizontal.prefab using Guid(e2fc8f2d7a0c74fe58bd18dc544bffea) Importer(815301076,1909f56bfc062723c751e8b465ee728b) (PreviewImporter) -> (artifact id: '3d95ab41afbec35cb136e0ab77db1801') in 0.002309 seconds
Number of updated asset objects reloaded before import = 0Number of asset objects unloaded after import = 5

========================================================================
Received Import Request.
  Time since last request: 0.000019 seconds.
  path: Packages/com.coffee.ui-effect/UIEffectPresets/702 - Edge - Shiny.prefab
  artifactKey: Guid(596b2789577044149a45736ce7b53cc9) Importer(815301076,1909f56bfc062723c751e8b465ee728b)
Start importing Packages/com.coffee.ui-effect/UIEffectPresets/702 - Edge - Shiny.prefab using Guid(596b2789577044149a45736ce7b53cc9) Importer(815301076,1909f56bfc062723c751e8b465ee728b) (PreviewImporter) -> (artifact id: '5e5fca4467e1e4c5ee4492caa18a7189') in 0.0039048 seconds
Number of updated asset objects reloaded before import = 0Number of asset objects unloaded after import = 5

========================================================================
Received Import Request.
  Time since last request: 0.000019 seconds.
  path: Packages/com.coffee.ui-effect/UIEffectPresets/Transition_Melt01.png
  artifactKey: Guid(3a87e98e830a24617ab95c19122cb1e0) Importer(815301076,1909f56bfc062723c751e8b465ee728b)
Start importing Packages/com.coffee.ui-effect/UIEffectPresets/Transition_Melt01.png using Guid(3a87e98e830a24617ab95c19122cb1e0) Importer(815301076,1909f56bfc062723c751e8b465ee728b) (PreviewImporter) -> (artifact id: '662beea6c41951b57ff0babd3234c97e') in 0.0173029 seconds
Number of updated asset objects reloaded before import = 0Number of asset objects unloaded after import = 2

========================================================================
Received Import Request.
  Time since last request: 0.000031 seconds.
  path: Packages/com.coffee.ui-effect/UIEffectPresets/601 - Gradation (Colors) - Horizontal.prefab
  artifactKey: Guid(3688d3e1449da42fd9cd0c14e006ebce) Importer(815301076,1909f56bfc062723c751e8b465ee728b)
Start importing Packages/com.coffee.ui-effect/UIEffectPresets/601 - Gradation (Colors) - Horizontal.prefab using Guid(3688d3e1449da42fd9cd0c14e006ebce) Importer(815301076,1909f56bfc062723c751e8b465ee728b) (PreviewImporter) -> (artifact id: '935bd81c1647ac06b42f253eb7710c61') in 0.0027455 seconds
Number of updated asset objects reloaded before import = 0Number of asset objects unloaded after import = 5

========================================================================
Received Import Request.
  Time since last request: 0.000018 seconds.
  path: Packages/com.coffee.ui-effect/UIEffectPresets/504 - Shadow - Soft Outline.prefab
  artifactKey: Guid(b6fbcd81994d1495babfbbbde57e5969) Importer(815301076,1909f56bfc062723c751e8b465ee728b)
Start importing Packages/com.coffee.ui-effect/UIEffectPresets/504 - Shadow - Soft Outline.prefab using Guid(b6fbcd81994d1495babfbbbde57e5969) Importer(815301076,1909f56bfc062723c751e8b465ee728b) (PreviewImporter) -> (artifact id: '8b7a0c6d8e1f2f07fe28cceea30fcfc4') in 0.0023644 seconds
Number of updated asset objects reloaded before import = 0Number of asset objects unloaded after import = 5

========================================================================
Received Import Request.
  Time since last request: 0.000016 seconds.
  path: Packages/com.coffee.ui-effect/UIEffectPresets/Transition_Melt00.png
  artifactKey: Guid(54e40a17ecd6a4b5a8a73a28042cdaa0) Importer(815301076,1909f56bfc062723c751e8b465ee728b)
Start importing Packages/com.coffee.ui-effect/UIEffectPresets/Transition_Melt00.png using Guid(54e40a17ecd6a4b5a8a73a28042cdaa0) Importer(815301076,1909f56bfc062723c751e8b465ee728b) (PreviewImporter) -> (artifact id: 'bc9aa9de4369095ceeb3de89d0187427') in 0.0129343 seconds
Number of updated asset objects reloaded before import = 0Number of asset objects unloaded after import = 2

========================================================================
Received Import Request.
  Time since last request: 0.000014 seconds.
  path: Packages/com.coffee.ui-effect/UIEffectPresets/613 - Gradation - Angle.prefab
  artifactKey: Guid(1ceb59ae224e8499d8c47b7c273a4776) Importer(815301076,1909f56bfc062723c751e8b465ee728b)
Start importing Packages/com.coffee.ui-effect/UIEffectPresets/613 - Gradation - Angle.prefab using Guid(1ceb59ae224e8499d8c47b7c273a4776) Importer(815301076,1909f56bfc062723c751e8b465ee728b) (PreviewImporter) -> (artifact id: 'a8fdc7b7c49f3fc11a53b2854a444243') in 0.0025194 seconds
Number of updated asset objects reloaded before import = 0Number of asset objects unloaded after import = 5

========================================================================
Received Import Request.
  Time since last request: 0.000020 seconds.
  path: Packages/com.coffee.ui-effect/UIEffectPresets/608 - Gradation (Colors) - Radial Detail.prefab
  artifactKey: Guid(f4cb0c28ceac04e7193bd97cafe5594a) Importer(815301076,1909f56bfc062723c751e8b465ee728b)
Start importing Packages/com.coffee.ui-effect/UIEffectPresets/608 - Gradation (Colors) - Radial Detail.prefab using Guid(f4cb0c28ceac04e7193bd97cafe5594a) Importer(815301076,1909f56bfc062723c751e8b465ee728b) (PreviewImporter) -> (artifact id: '09e2c3ad5b82b267e8fb99f846773ecc') in 0.0026568 seconds
Number of updated asset objects reloaded before import = 0Number of asset objects unloaded after import = 5

========================================================================
Received Import Request.
  Time since last request: 0.000015 seconds.
  path: Packages/com.coffee.ui-effect/UIEffectPresets/Transition_Noise01.png
  artifactKey: Guid(5a9e7b253d8344331a9ef15185eaa629) Importer(815301076,1909f56bfc062723c751e8b465ee728b)
Start importing Packages/com.coffee.ui-effect/UIEffectPresets/Transition_Noise01.png using Guid(5a9e7b253d8344331a9ef15185eaa629) Importer(815301076,1909f56bfc062723c751e8b465ee728b) (PreviewImporter) -> (artifact id: '17181b8a83e36872d628d414daaf10f6') in 0.0164243 seconds
Number of updated asset objects reloaded before import = 0Number of asset objects unloaded after import = 2

========================================================================
Received Import Request.
  Time since last request: 0.000016 seconds.
  path: Packages/com.coffee.ui-effect/UIEffectPresets/505 - Shadow - Mirror.prefab
  artifactKey: Guid(122cee4c2b1bf4d53bbdbc29abacb5bf) Importer(815301076,1909f56bfc062723c751e8b465ee728b)
Start importing Packages/com.coffee.ui-effect/UIEffectPresets/505 - Shadow - Mirror.prefab using Guid(122cee4c2b1bf4d53bbdbc29abacb5bf) Importer(815301076,1909f56bfc062723c751e8b465ee728b) (PreviewImporter) -> (artifact id: '922f85900d78de97b6c8a53b0f19b28f') in 0.0025424 seconds
Number of updated asset objects reloaded before import = 0Number of asset objects unloaded after import = 5

========================================================================
Received Import Request.
  Time since last request: 0.000021 seconds.
  path: Packages/com.coffee.ui-effect/UIEffectPresets/607 - Gradation (Colors) - Radial Fast.prefab
  artifactKey: Guid(6901f7fc886de48b4ba01aab6542c8b6) Importer(815301076,1909f56bfc062723c751e8b465ee728b)
Start importing Packages/com.coffee.ui-effect/UIEffectPresets/607 - Gradation (Colors) - Radial Fast.prefab using Guid(6901f7fc886de48b4ba01aab6542c8b6) Importer(815301076,1909f56bfc062723c751e8b465ee728b) (PreviewImporter) -> (artifact id: 'bf7bf40b52dbfeebb69c7b7ab321e349') in 0.0030959 seconds
Number of updated asset objects reloaded before import = 0Number of asset objects unloaded after import = 5

========================================================================
Received Import Request.
  Time since last request: 0.000023 seconds.
  path: Packages/com.coffee.ui-effect/UIEffectPresets/Transition_Scratch.png
  artifactKey: Guid(56c31f5a9f5f64800b09793a34d8f0d9) Importer(815301076,1909f56bfc062723c751e8b465ee728b)
Start importing Packages/com.coffee.ui-effect/UIEffectPresets/Transition_Scratch.png using Guid(56c31f5a9f5f64800b09793a34d8f0d9) Importer(815301076,1909f56bfc062723c751e8b465ee728b) (PreviewImporter) -> (artifact id: 'f55056d8301b87e93a782555e008c8b1') in 0.0171869 seconds
Number of updated asset objects reloaded before import = 0Number of asset objects unloaded after import = 2

========================================================================
Received Import Request.
  Time since last request: 0.000032 seconds.
  path: Packages/com.coffee.ui-effect/UIEffectPresets/606 - Gradation (Colors) - Diagonal To Left Bottom.prefab
  artifactKey: Guid(f5455571ff8c64b39bf07245ddf5df45) Importer(815301076,1909f56bfc062723c751e8b465ee728b)
Start importing Packages/com.coffee.ui-effect/UIEffectPresets/606 - Gradation (Colors) - Diagonal To Left Bottom.prefab using Guid(f5455571ff8c64b39bf07245ddf5df45) Importer(815301076,1909f56bfc062723c751e8b465ee728b) (PreviewImporter) -> (artifact id: 'fb0ef4973dda74547eb6f386b0e40b6f') in 0.0030536 seconds
Number of updated asset objects reloaded before import = 0Number of asset objects unloaded after import = 5

========================================================================
Received Import Request.
  Time since last request: 0.000019 seconds.
  path: Packages/com.coffee.ui-effect/UIEffectPresets/Transition_Pattern_Stripe.png
  artifactKey: Guid(40d1a96251dfd4353a7d28680e56c2e7) Importer(815301076,1909f56bfc062723c751e8b465ee728b)
Start importing Packages/com.coffee.ui-effect/UIEffectPresets/Transition_Pattern_Stripe.png using Guid(40d1a96251dfd4353a7d28680e56c2e7) Importer(815301076,1909f56bfc062723c751e8b465ee728b) (PreviewImporter) -> (artifact id: '445f281bff9ae79b595ea6b8e1fd778a') in 0.0165202 seconds
Number of updated asset objects reloaded before import = 0Number of asset objects unloaded after import = 2

Editor requested this worker to shutdown with reason: Scaling down because of idle timeout
AssetImportWorker is now disconnected from the server
Process exiting
Exiting without the bug reporter. Application will terminate with return code 0